t:\46vs2022\intermediate\fieldserver\r_evo_arena_win32\vc140.pch
t:\46vs2022\intermediate\fieldserver\r_evo_arena_win32\vc143.pdb
t:\46vs2022\intermediate\fieldserver\r_evo_arena_win32\stdafx.obj
t:\46vs2022\intermediate\fieldserver\r_evo_arena_win32\socketheader.obj
t:\46vs2022\intermediate\fieldserver\r_evo_arena_win32\xor_lib.obj
t:\46vs2022\intermediate\fieldserver\r_evo_arena_win32\billing_yetime_chn.obj
t:\46vs2022\intermediate\fieldserver\r_evo_arena_win32\loadlibrary.obj
t:\46vs2022\intermediate\fieldserver\r_evo_arena_win32\apexproxy.obj
t:\46vs2022\intermediate\fieldserver\r_evo_arena_win32\arenateam.obj
t:\46vs2022\intermediate\fieldserver\r_evo_arena_win32\guilditemmanager.obj
t:\46vs2022\intermediate\fieldserver\r_evo_arena_win32\atumfielddbmanager.obj
t:\46vs2022\intermediate\fieldserver\r_evo_arena_win32\fieldiocpsocket.obj
t:\46vs2022\intermediate\fieldserver\r_evo_arena_win32\fieldtimermanager.obj
t:\46vs2022\intermediate\fieldserver\r_evo_arena_win32\prewinsocket.obj
t:\46vs2022\intermediate\fieldserver\r_evo_arena_win32\wrankingservicemanager.obj
t:\46vs2022\intermediate\fieldserver\r_evo_arena_win32\triggercrystalgroup.obj
t:\46vs2022\intermediate\fieldserver\r_evo_arena_win32\globalfunc.obj
t:\46vs2022\intermediate\fieldserver\r_evo_arena_win32\threadcheck.obj
t:\46vs2022\intermediate\fieldserver\r_evo_arena_win32\chatblockmanager.obj
t:\46vs2022\intermediate\fieldserver\r_evo_arena_win32\mapchannel.obj
t:\46vs2022\intermediate\fieldserver\r_evo_arena_win32\tickmanager.obj
t:\46vs2022\intermediate\fieldserver\r_evo_arena_win32\cityleader.obj
t:\46vs2022\intermediate\fieldserver\r_evo_arena_win32\invokingitemmanager.obj
t:\46vs2022\intermediate\fieldserver\r_evo_arena_win32\fieldcharacterquest.obj
t:\46vs2022\intermediate\fieldserver\r_evo_arena_win32\fieldmapproject.obj
t:\46vs2022\intermediate\fieldserver\r_evo_arena_win32\imwinsocket.obj
t:\46vs2022\intermediate\fieldserver\r_evo_arena_win32\wrankinglevelmanager.obj
t:\46vs2022\intermediate\fieldserver\r_evo_arena_win32\pcbangipmanager.obj
t:\46vs2022\intermediate\fieldserver\r_evo_arena_win32\triggerfunctionngcinflwar.obj
t:\46vs2022\intermediate\fieldserver\r_evo_arena_win32\mtcriticalsection.obj
t:\46vs2022\intermediate\fieldserver\r_evo_arena_win32\atumdbmanager.obj
t:\46vs2022\intermediate\fieldserver\r_evo_arena_win32\dot.obj
t:\46vs2022\intermediate\fieldserver\r_evo_arena_win32\monsterdbaccess.obj
t:\46vs2022\intermediate\fieldserver\r_evo_arena_win32\allguilditemmanager.obj
t:\46vs2022\intermediate\fieldserver\r_evo_arena_win32\fieldserver.obj
t:\46vs2022\intermediate\fieldserver\r_evo_arena_win32\lettermanager.obj
t:\46vs2022\intermediate\fieldserver\r_evo_arena_win32\expdivisionmanager.obj
t:\46vs2022\intermediate\fieldserver\r_evo_arena_win32\fieldmapworkspace.obj
t:\46vs2022\intermediate\fieldserver\r_evo_arena_win32\generalrequesthandler.obj
t:\46vs2022\intermediate\fieldserver\r_evo_arena_win32\wrankingfame.obj
t:\46vs2022\intermediate\fieldserver\r_evo_arena_win32\outpostmanager.obj
t:\46vs2022\intermediate\fieldserver\r_evo_arena_win32\mtautocriticalsection.obj
t:\46vs2022\intermediate\fieldserver\r_evo_arena_win32\winpacket.obj
t:\46vs2022\intermediate\fieldserver\r_evo_arena_win32\atumsj.obj
t:\46vs2022\intermediate\fieldserver\r_evo_arena_win32\localization.obj
t:\46vs2022\intermediate\fieldserver\r_evo_arena_win32\xtrap4server.obj
t:\46vs2022\intermediate\fieldserver\r_evo_arena_win32\billcrux_billinglib.obj
t:\46vs2022\intermediate\fieldserver\r_evo_arena_win32\infinitydefence.obj
t:\46vs2022\intermediate\fieldserver\r_evo_arena_win32\bunchcountableitemcount.obj
t:\46vs2022\intermediate\fieldserver\r_evo_arena_win32\fielddatamanager.obj
t:\46vs2022\intermediate\fieldserver\r_evo_arena_win32\fieldtickmanager.obj
t:\46vs2022\intermediate\fieldserver\r_evo_arena_win32\inflwarmanager.obj
t:\46vs2022\intermediate\fieldserver\r_evo_arena_win32\wrankingpvpmanager.obj
t:\46vs2022\intermediate\fieldserver\r_evo_arena_win32\speedhackhistory.obj
t:\46vs2022\intermediate\fieldserver\r_evo_arena_win32\md5_lib_src.obj
t:\46vs2022\intermediate\fieldserver\r_evo_arena_win32\atumlogsender.obj
t:\46vs2022\intermediate\fieldserver\r_evo_arena_win32\globalgameserver.obj
t:\46vs2022\intermediate\fieldserver\r_evo_arena_win32\odbcstatement.obj
t:\46vs2022\intermediate\fieldserver\r_evo_arena_win32\arenadeathmatchroom.obj
t:\46vs2022\intermediate\fieldserver\r_evo_arena_win32\guilddamagemanager.obj
t:\46vs2022\intermediate\fieldserver\r_evo_arena_win32\invokingiteminfo.obj
t:\46vs2022\intermediate\fieldserver\r_evo_arena_win32\citywarmanager.obj
t:\46vs2022\intermediate\fieldserver\r_evo_arena_win32\fieldparty.obj
t:\46vs2022\intermediate\fieldserver\r_evo_arena_win32\inflratemanager.obj
t:\46vs2022\intermediate\fieldserver\r_evo_arena_win32\servicepausemanager.obj
t:\46vs2022\intermediate\fieldserver\r_evo_arena_win32\outpost.obj
t:\46vs2022\intermediate\fieldserver\r_evo_arena_win32\warcontributioncalculation.obj
t:\46vs2022\intermediate\fieldserver\r_evo_arena_win32\global.obj
t:\46vs2022\intermediate\fieldserver\r_evo_arena_win32\atumparamprotocolfunctions.obj
t:\46vs2022\intermediate\fieldserver\r_evo_arena_win32\innovalibrary.obj
t:\46vs2022\intermediate\fieldserver\r_evo_arena_win32\quest.obj
t:\46vs2022\intermediate\fieldserver\r_evo_arena_win32\arenamanager.obj
t:\46vs2022\intermediate\fieldserver\r_evo_arena_win32\infinitybossrush.obj
t:\46vs2022\intermediate\fieldserver\r_evo_arena_win32\bazaarmanager.obj
t:\46vs2022\intermediate\fieldserver\r_evo_arena_win32\fieldiocp.obj
t:\46vs2022\intermediate\fieldserver\r_evo_arena_win32\fieldwebiocp.obj
t:\46vs2022\intermediate\fieldserver\r_evo_arena_win32\mapownership.obj
t:\46vs2022\intermediate\fieldserver\r_evo_arena_win32\wrankingmanager.obj
t:\46vs2022\intermediate\fieldserver\r_evo_arena_win32\statisticsmanager.obj
t:\46vs2022\intermediate\fieldserver\r_evo_arena_win32\overlapped.obj
t:\46vs2022\intermediate\fieldserver\r_evo_arena_win32\vmempool.obj
t:\46vs2022\intermediate\fieldserver\r_evo_arena_win32\config.obj
t:\46vs2022\intermediate\fieldserver\r_evo_arena_win32\mapproject.obj
t:\46vs2022\intermediate\fieldserver\r_evo_arena_win32\uservariable.obj
t:\46vs2022\intermediate\fieldserver\r_evo_arena_win32\dissolutionitemmanager.obj
t:\46vs2022\intermediate\fieldserver\r_evo_arena_win32\infinitytickmanager.obj
t:\46vs2022\intermediate\fieldserver\r_evo_arena_win32\citywar.obj
t:\46vs2022\intermediate\fieldserver\r_evo_arena_win32\fieldiocpsocket2.obj
t:\46vs2022\intermediate\fieldserver\r_evo_arena_win32\gameeventmanager.obj
t:\46vs2022\intermediate\fieldserver\r_evo_arena_win32\racing.obj
t:\46vs2022\intermediate\fieldserver\r_evo_arena_win32\monthlyarmormanager.obj
t:\46vs2022\intermediate\fieldserver\r_evo_arena_win32\triggerngcinflwarmonstergroup.obj
t:\46vs2022\intermediate\fieldserver\r_evo_arena_win32\iocpsocket.obj
t:\46vs2022\intermediate\fieldserver\r_evo_arena_win32\atumparamprotocol.obj
t:\46vs2022\intermediate\fieldserver\r_evo_arena_win32\generichttpclient.obj
t:\46vs2022\intermediate\fieldserver\r_evo_arena_win32\npcscripts.obj
t:\46vs2022\intermediate\fieldserver\r_evo_arena_win32\arenafieldwinsocket.obj
t:\46vs2022\intermediate\fieldserver\r_evo_arena_win32\giveitemmanager.obj
t:\46vs2022\intermediate\fieldserver\r_evo_arena_win32\armorcollection.obj
t:\46vs2022\intermediate\fieldserver\r_evo_arena_win32\dropitemmanager.obj
t:\46vs2022\intermediate\fieldserver\r_evo_arena_win32\fieldmonster.obj
t:\46vs2022\intermediate\fieldserver\r_evo_arena_win32\happyhoureventmanager.obj
t:\46vs2022\intermediate\fieldserver\r_evo_arena_win32\wrankingfamemanager.obj
t:\46vs2022\intermediate\fieldserver\r_evo_arena_win32\maptriggermanager.obj
t:\46vs2022\intermediate\fieldserver\r_evo_arena_win32\triggermapbuffmanager.obj
t:\46vs2022\intermediate\fieldserver\r_evo_arena_win32\systemlogmanager.obj
t:\46vs2022\intermediate\fieldserver\r_evo_arena_win32\atumdatetime.obj
t:\46vs2022\intermediate\fieldserver\r_evo_arena_win32\debuff.obj
t:\46vs2022\intermediate\fieldserver\r_evo_arena_win32\monster.obj
t:\46vs2022\intermediate\fieldserver\r_evo_arena_win32\xmlrpc.obj
t:\46vs2022\intermediate\fieldserver\r_evo_arena_win32\fielddot.obj
t:\46vs2022\intermediate\fieldserver\r_evo_arena_win32\infinitymapmanager.obj
t:\46vs2022\intermediate\fieldserver\r_evo_arena_win32\destroyauctionmanager.obj
t:\46vs2022\intermediate\fieldserver\r_evo_arena_win32\fieldskillmanager.obj
t:\46vs2022\intermediate\fieldserver\r_evo_arena_win32\logwinsocket.obj
t:\46vs2022\intermediate\fieldserver\r_evo_arena_win32\wrankinglevel.obj
t:\46vs2022\intermediate\fieldserver\r_evo_arena_win32\revision.obj
t:\46vs2022\intermediate\fieldserver\r_evo_arena_win32\triggerfunctioncrystal.obj
t:\46vs2022\intermediate\fieldserver\r_evo_arena_win32\sha256.obj
t:\46vs2022\intermediate\fieldserver\r_evo_arena_win32\vmem.obj
t:\46vs2022\intermediate\fieldserver\r_evo_arena_win32\atumthread.obj
t:\46vs2022\intermediate\fieldserver\r_evo_arena_win32\mapblock.obj
t:\46vs2022\intermediate\fieldserver\r_evo_arena_win32\zwave_sdk_linker.obj
t:\46vs2022\intermediate\fieldserver\r_evo_arena_win32\cinema.obj
t:\46vs2022\intermediate\fieldserver\r_evo_arena_win32\infinitymanager.obj
t:\46vs2022\intermediate\fieldserver\r_evo_arena_win32\collectionmanager.obj
t:\46vs2022\intermediate\fieldserver\r_evo_arena_win32\fielditemmanager.obj
t:\46vs2022\intermediate\fieldserver\r_evo_arena_win32\fieldwebiocpsocket.obj
t:\46vs2022\intermediate\fieldserver\r_evo_arena_win32\questmatching.obj
t:\46vs2022\intermediate\fieldserver\r_evo_arena_win32\memoryhackhistory.obj
t:\46vs2022\intermediate\fieldserver\r_evo_arena_win32\triggerfunction.obj
t:\46vs2022\intermediate\fieldserver\r_evo_arena_win32\iocp.obj
t:\46vs2022\intermediate\fieldserver\r_evo_arena_win32\winsocket.obj
t:\46vs2022\intermediate\fieldserver\r_evo_arena_win32\countdownchecker.obj
t:\46vs2022\intermediate\fieldserver\r_evo_arena_win32\mapworkspace.obj
t:\46vs2022\intermediate\fieldserver\r_evo_arena_win32\waypointmanager.obj
t:\46vs2022\intermediate\fieldserver\r_evo_arena_win32\fielddebuff.obj
t:\46vs2022\intermediate\fieldserver\r_evo_arena_win32\infinitymshipbattle.obj
t:\46vs2022\intermediate\fieldserver\r_evo_arena_win32\couponmanager.obj
t:\46vs2022\intermediate\fieldserver\r_evo_arena_win32\fieldmapchannel.obj
t:\46vs2022\intermediate\fieldserver\r_evo_arena_win32\guildwar.obj
t:\46vs2022\intermediate\fieldserver\r_evo_arena_win32\racingdemon.obj
t:\46vs2022\intermediate\fieldserver\r_evo_arena_win32\petdatamanager.obj
t:\46vs2022\intermediate\fieldserver\r_evo_arena_win32\triggerfunctionngoutpost.obj
t:\46vs2022\intermediate\fieldserver\r_evo_arena_win32\queueint.obj
t:\46vs2022\intermediate\fieldserver\r_evo_arena_win32\atumdbhelper.obj
t:\46vs2022\intermediate\fieldserver\r_evo_arena_win32\gamedatalast.obj
t:\46vs2022\intermediate\fieldserver\r_evo_arena_win32\securitymanager.obj
t:\46vs2022\intermediate\fieldserver\r_evo_arena_win32\arenatickmanager.obj
t:\46vs2022\intermediate\fieldserver\r_evo_arena_win32\infinitybase.obj
t:\46vs2022\intermediate\fieldserver\r_evo_arena_win32\callwarpeventmanager.obj
t:\46vs2022\intermediate\fieldserver\r_evo_arena_win32\fieldglobal.obj
t:\46vs2022\intermediate\fieldserver\r_evo_arena_win32\fieldodbc.obj
t:\46vs2022\intermediate\fieldserver\r_evo_arena_win32\fieldwebtickmanager.obj
t:\46vs2022\intermediate\fieldserver\r_evo_arena_win32\marketdatamanager.obj
t:\46vs2022\intermediate\fieldserver\r_evo_arena_win32\wrankingpvp.obj
t:\46vs2022\intermediate\fieldserver\r_evo_arena_win32\triggercrystaldestroygroup.obj
t:\46vs2022\build\bins\arenafieldserver.exe
t:\46vs2022\intermediate\fieldserver\r_evo_arena_win32\arenafieldserver.ipdb
t:\46vs2022\intermediate\fieldserver\r_evo_arena_win32\arenafieldserver.iobj
t:\46vs2022\build\bins\arenafieldserver.map
t:\46vs2022\build\bins\arenafieldserver.pdb
t:\46vs2022\intermediate\fieldserver\r_evo_arena_win32\fieldserver.res
t:\46vs2022\server\gameserver\..\..\build\bins\arenafieldserver.pdb
t:\46vs2022\server\gameserver\..\..\intermediate\fieldserver\r_evo_arena_win32\fieldserver.vcxproj.filelistabsolute.txt
t:\46vs2022\intermediate\fieldserver\r_evo_arena_win32\fieldserver.tlog\cl.command.1.tlog
t:\46vs2022\intermediate\fieldserver\r_evo_arena_win32\fieldserver.tlog\cl.read.1.tlog
t:\46vs2022\intermediate\fieldserver\r_evo_arena_win32\fieldserver.tlog\cl.write.1.tlog
t:\46vs2022\intermediate\fieldserver\r_evo_arena_win32\fieldserver.tlog\link.command.1.tlog
t:\46vs2022\intermediate\fieldserver\r_evo_arena_win32\fieldserver.tlog\link.read.1.tlog
t:\46vs2022\intermediate\fieldserver\r_evo_arena_win32\fieldserver.tlog\link.write.1.tlog
t:\46vs2022\intermediate\fieldserver\r_evo_arena_win32\fieldserver.tlog\metagen.read.1.tlog
t:\46vs2022\intermediate\fieldserver\r_evo_arena_win32\fieldserver.tlog\metagen.write.1.tlog
t:\46vs2022\intermediate\fieldserver\r_evo_arena_win32\fieldserver.tlog\rc.command.1.tlog
t:\46vs2022\intermediate\fieldserver\r_evo_arena_win32\fieldserver.tlog\rc.read.1.tlog
t:\46vs2022\intermediate\fieldserver\r_evo_arena_win32\fieldserver.tlog\rc.write.1.tlog
