t:\46vs2022\intermediate\effectlib\r_wikigames_eng_win32\particlesystem.obj
t:\46vs2022\intermediate\effectlib\r_wikigames_eng_win32\characterinfo.obj
t:\46vs2022\intermediate\effectlib\r_wikigames_eng_win32\effectrender.obj
t:\46vs2022\intermediate\effectlib\r_wikigames_eng_win32\traceani.obj
t:\46vs2022\intermediate\effectlib\r_wikigames_eng_win32\fxsystem.obj
t:\46vs2022\intermediate\effectlib\r_wikigames_eng_win32\spriteanidata.obj
t:\46vs2022\intermediate\effectlib\r_wikigames_eng_win32\appeffectdata.obj
t:\46vs2022\intermediate\effectlib\r_wikigames_eng_win32\objectanidata.obj
t:\46vs2022\intermediate\effectlib\r_wikigames_eng_win32\skilleffect.obj
t:\46vs2022\intermediate\effectlib\r_wikigames_eng_win32\effectlib.pdb
t:\46vs2022\build\lib\effectlib.lib
t:\46vs2022\client\..\build\lib\effectlib.pdb
t:\46vs2022\client\..\intermediate\effectlib\r_wikigames_eng_win32\effectlib.vcxproj.filelistabsolute.txt
t:\46vs2022\intermediate\effectlib\r_wikigames_eng_win32\effectlib.tlog\cl.12340.write.1.tlog
t:\46vs2022\intermediate\effectlib\r_wikigames_eng_win32\effectlib.tlog\cl.command.1.tlog
t:\46vs2022\intermediate\effectlib\r_wikigames_eng_win32\effectlib.tlog\cl.read.1.tlog
t:\46vs2022\intermediate\effectlib\r_wikigames_eng_win32\effectlib.tlog\lib-link.read.1.tlog
t:\46vs2022\intermediate\effectlib\r_wikigames_eng_win32\effectlib.tlog\lib-link.write.1.tlog
t:\46vs2022\intermediate\effectlib\r_wikigames_eng_win32\effectlib.tlog\lib.command.1.tlog
t:\46vs2022\intermediate\effectlib\r_wikigames_eng_win32\effectlib.tlog\metagen.read.1.tlog
t:\46vs2022\intermediate\effectlib\r_wikigames_eng_win32\effectlib.tlog\metagen.write.1.tlog
