t:\46vs2022\intermediate\directxlib\r_wikigames_eng_win32\dxutil.obj
t:\46vs2022\intermediate\directxlib\r_wikigames_eng_win32\d3denumeration.obj
t:\46vs2022\intermediate\directxlib\r_wikigames_eng_win32\d3dhanfont.obj
t:\46vs2022\intermediate\directxlib\r_wikigames_eng_win32\joystickinput.obj
t:\46vs2022\intermediate\directxlib\r_wikigames_eng_win32\d3dapp.obj
t:\46vs2022\intermediate\directxlib\r_wikigames_eng_win32\joystickfreedback.obj
t:\46vs2022\intermediate\directxlib\r_wikigames_eng_win32\musicmp3.obj
t:\46vs2022\intermediate\directxlib\r_wikigames_eng_win32\wavefile.obj
t:\46vs2022\intermediate\directxlib\r_wikigames_eng_win32\camera.obj
t:\46vs2022\intermediate\directxlib\r_wikigames_eng_win32\d3dutil.obj
t:\46vs2022\intermediate\directxlib\r_wikigames_eng_win32\keyboardinput.obj
t:\46vs2022\intermediate\directxlib\r_wikigames_eng_win32\dsound3d.obj
t:\46vs2022\intermediate\directxlib\r_wikigames_eng_win32\musicmp3ex.obj
t:\46vs2022\intermediate\directxlib\r_wikigames_eng_win32\atumsound.obj
t:\46vs2022\intermediate\directxlib\r_wikigames_eng_win32\d3dsettings.obj
t:\46vs2022\intermediate\directxlib\r_wikigames_eng_win32\dsutil.obj
t:\46vs2022\intermediate\directxlib\r_wikigames_eng_win32\directxlib.pdb
t:\46vs2022\build\lib\directxlib.lib
t:\46vs2022\client\..\build\lib\directxlib.pdb
t:\46vs2022\client\..\intermediate\directxlib\r_wikigames_eng_win32\directxlib.vcxproj.filelistabsolute.txt
t:\46vs2022\intermediate\directxlib\r_wikigames_eng_win32\directxlib.tlog\cl.1316.write.1.tlog
t:\46vs2022\intermediate\directxlib\r_wikigames_eng_win32\directxlib.tlog\cl.command.1.tlog
t:\46vs2022\intermediate\directxlib\r_wikigames_eng_win32\directxlib.tlog\cl.read.1.tlog
t:\46vs2022\intermediate\directxlib\r_wikigames_eng_win32\directxlib.tlog\lib-link.read.1.tlog
t:\46vs2022\intermediate\directxlib\r_wikigames_eng_win32\directxlib.tlog\lib-link.write.1.tlog
t:\46vs2022\intermediate\directxlib\r_wikigames_eng_win32\directxlib.tlog\lib.command.1.tlog
t:\46vs2022\intermediate\directxlib\r_wikigames_eng_win32\directxlib.tlog\metagen.read.1.tlog
t:\46vs2022\intermediate\directxlib\r_wikigames_eng_win32\directxlib.tlog\metagen.write.1.tlog
