t:\46vs2022\intermediate\atumadmintool\r_wikigames_eng_win32\atumadmintool.bsc
t:\46vs2022\intermediate\atumadmintool\r_wikigames_eng_win32\vc140.pch
t:\46vs2022\intermediate\atumadmintool\r_wikigames_eng_win32\vc143.pdb
t:\46vs2022\intermediate\atumadmintool\r_wikigames_eng_win32\stdafx.sbr
t:\46vs2022\intermediate\atumadmintool\r_wikigames_eng_win32\stdafx.obj
t:\46vs2022\intermediate\atumadmintool\r_wikigames_eng_win32\vmempool.sbr
t:\46vs2022\intermediate\atumadmintool\r_wikigames_eng_win32\vmempool.obj
t:\46vs2022\intermediate\atumadmintool\r_wikigames_eng_win32\browseforfolder.sbr
t:\46vs2022\intermediate\atumadmintool\r_wikigames_eng_win32\browseforfolder.obj
t:\46vs2022\intermediate\atumadmintool\r_wikigames_eng_win32\shieldsecurity.sbr
t:\46vs2022\intermediate\atumadmintool\r_wikigames_eng_win32\shieldsecurity.obj
t:\46vs2022\intermediate\atumadmintool\r_wikigames_eng_win32\blockaccountdlg.sbr
t:\46vs2022\intermediate\atumadmintool\r_wikigames_eng_win32\blockaccountdlg.obj
t:\46vs2022\intermediate\atumadmintool\r_wikigames_eng_win32\logtabconnection.sbr
t:\46vs2022\intermediate\atumadmintool\r_wikigames_eng_win32\logtabconnection.obj
t:\46vs2022\intermediate\atumadmintool\r_wikigames_eng_win32\wrsevicesettingdlg.sbr
t:\46vs2022\intermediate\atumadmintool\r_wikigames_eng_win32\wrsevicesettingdlg.obj
t:\46vs2022\intermediate\atumadmintool\r_wikigames_eng_win32\scbaduseradmindlg.sbr
t:\46vs2022\intermediate\atumadmintool\r_wikigames_eng_win32\scbaduseradmindlg.obj
t:\46vs2022\intermediate\atumadmintool\r_wikigames_eng_win32\setitemev.sbr
t:\46vs2022\intermediate\atumadmintool\r_wikigames_eng_win32\setitemev.obj
t:\46vs2022\intermediate\atumadmintool\r_wikigames_eng_win32\vmem.sbr
t:\46vs2022\intermediate\atumadmintool\r_wikigames_eng_win32\vmem.obj
t:\46vs2022\intermediate\atumadmintool\r_wikigames_eng_win32\atumthread.sbr
t:\46vs2022\intermediate\atumadmintool\r_wikigames_eng_win32\atumthread.obj
t:\46vs2022\intermediate\atumadmintool\r_wikigames_eng_win32\md5.sbr
t:\46vs2022\intermediate\atumadmintool\r_wikigames_eng_win32\md5.obj
t:\46vs2022\intermediate\atumadmintool\r_wikigames_eng_win32\armorcollectionadddlg.sbr
t:\46vs2022\intermediate\atumadmintool\r_wikigames_eng_win32\armorcollectionadddlg.obj
t:\46vs2022\intermediate\atumadmintool\r_wikigames_eng_win32\expviewerdlg.sbr
t:\46vs2022\intermediate\atumadmintool\r_wikigames_eng_win32\expviewerdlg.obj
t:\46vs2022\intermediate\atumadmintool\r_wikigames_eng_win32\editguilddlg.sbr
t:\46vs2022\intermediate\atumadmintool\r_wikigames_eng_win32\editguilddlg.obj
t:\46vs2022\intermediate\atumadmintool\r_wikigames_eng_win32\partnerdlg.sbr
t:\46vs2022\intermediate\atumadmintool\r_wikigames_eng_win32\partnerdlg.obj
t:\46vs2022\intermediate\atumadmintool\r_wikigames_eng_win32\sclogadmindlg.sbr
t:\46vs2022\intermediate\atumadmintool\r_wikigames_eng_win32\sclogadmindlg.obj
t:\46vs2022\intermediate\atumadmintool\r_wikigames_eng_win32\systemlogmanager.sbr
t:\46vs2022\intermediate\atumadmintool\r_wikigames_eng_win32\systemlogmanager.obj
t:\46vs2022\intermediate\atumadmintool\r_wikigames_eng_win32\xor_lib.sbr
t:\46vs2022\intermediate\atumadmintool\r_wikigames_eng_win32\xor_lib.obj
t:\46vs2022\intermediate\atumadmintool\r_wikigames_eng_win32\inplaceedit.sbr
t:\46vs2022\intermediate\atumadmintool\r_wikigames_eng_win32\inplaceedit.obj
t:\46vs2022\intermediate\atumadmintool\r_wikigames_eng_win32\waypointmanager.sbr
t:\46vs2022\intermediate\atumadmintool\r_wikigames_eng_win32\waypointmanager.obj
t:\46vs2022\intermediate\atumadmintool\r_wikigames_eng_win32\arenacharsend.sbr
t:\46vs2022\intermediate\atumadmintool\r_wikigames_eng_win32\arenacharsend.obj
t:\46vs2022\intermediate\atumadmintool\r_wikigames_eng_win32\declarationofwar.sbr
t:\46vs2022\intermediate\atumadmintool\r_wikigames_eng_win32\declarationofwar.obj
t:\46vs2022\intermediate\atumadmintool\r_wikigames_eng_win32\logtabuser.sbr
t:\46vs2022\intermediate\atumadmintool\r_wikigames_eng_win32\logtabuser.obj
t:\46vs2022\intermediate\atumadmintool\r_wikigames_eng_win32\modifyitemdlg.sbr
t:\46vs2022\intermediate\atumadmintool\r_wikigames_eng_win32\modifyitemdlg.obj
t:\46vs2022\intermediate\atumadmintool\r_wikigames_eng_win32\scitemeventdlg.sbr
t:\46vs2022\intermediate\atumadmintool\r_wikigames_eng_win32\scitemeventdlg.obj
t:\46vs2022\intermediate\atumadmintool\r_wikigames_eng_win32\winsocket.sbr
t:\46vs2022\intermediate\atumadmintool\r_wikigames_eng_win32\winsocket.obj
t:\46vs2022\intermediate\atumadmintool\r_wikigames_eng_win32\griddroptarget.sbr
t:\46vs2022\intermediate\atumadmintool\r_wikigames_eng_win32\griddroptarget.obj
t:\46vs2022\intermediate\atumadmintool\r_wikigames_eng_win32\tickmanager.sbr
t:\46vs2022\intermediate\atumadmintool\r_wikigames_eng_win32\tickmanager.obj
t:\46vs2022\intermediate\atumadmintool\r_wikigames_eng_win32\atumadmintoolbuttondlg.sbr
t:\46vs2022\intermediate\atumadmintool\r_wikigames_eng_win32\atumadmintoolbuttondlg.obj
t:\46vs2022\intermediate\atumadmintool\r_wikigames_eng_win32\logtabblockaccount.sbr
t:\46vs2022\intermediate\atumadmintool\r_wikigames_eng_win32\logtabblockaccount.obj
t:\46vs2022\intermediate\atumadmintool\r_wikigames_eng_win32\wpshopmanagementdlg.sbr
t:\46vs2022\intermediate\atumadmintool\r_wikigames_eng_win32\wpshopmanagementdlg.obj
t:\46vs2022\intermediate\atumadmintool\r_wikigames_eng_win32\renewalstrategypointadmindlg.sbr
t:\46vs2022\intermediate\atumadmintool\r_wikigames_eng_win32\renewalstrategypointadmindlg.obj
t:\46vs2022\intermediate\atumadmintool\r_wikigames_eng_win32\selectitemdlg.sbr
t:\46vs2022\intermediate\atumadmintool\r_wikigames_eng_win32\selectitemdlg.obj
t:\46vs2022\intermediate\atumadmintool\r_wikigames_eng_win32\atumdblogwriter.sbr
t:\46vs2022\intermediate\atumadmintool\r_wikigames_eng_win32\atumdblogwriter.obj
t:\46vs2022\intermediate\atumadmintool\r_wikigames_eng_win32\historycombobox.sbr
t:\46vs2022\intermediate\atumadmintool\r_wikigames_eng_win32\historycombobox.obj
t:\46vs2022\intermediate\atumadmintool\r_wikigames_eng_win32\accountinfodlg.sbr
t:\46vs2022\intermediate\atumadmintool\r_wikigames_eng_win32\accountinfodlg.obj
t:\46vs2022\intermediate\atumadmintool\r_wikigames_eng_win32\combatpowerdetail.sbr
t:\46vs2022\intermediate\atumadmintool\r_wikigames_eng_win32\combatpowerdetail.obj
t:\46vs2022\intermediate\atumadmintool\r_wikigames_eng_win32\logtabserverintegration.sbr
t:\46vs2022\intermediate\atumadmintool\r_wikigames_eng_win32\logtabserverintegration.obj
t:\46vs2022\intermediate\atumadmintool\r_wikigames_eng_win32\markettabtradecenter.sbr
t:\46vs2022\intermediate\atumadmintool\r_wikigames_eng_win32\markettabtradecenter.obj
t:\46vs2022\intermediate\atumadmintool\r_wikigames_eng_win32\scgridhelper.sbr
t:\46vs2022\intermediate\atumadmintool\r_wikigames_eng_win32\scgridhelper.obj
t:\46vs2022\intermediate\atumadmintool\r_wikigames_eng_win32\setlanguagedlg.sbr
t:\46vs2022\intermediate\atumadmintool\r_wikigames_eng_win32\setlanguagedlg.obj
t:\46vs2022\intermediate\atumadmintool\r_wikigames_eng_win32\global.sbr
t:\46vs2022\intermediate\atumadmintool\r_wikigames_eng_win32\global.obj
t:\46vs2022\intermediate\atumadmintool\r_wikigames_eng_win32\atumparamprotocolfunctions.sbr
t:\46vs2022\intermediate\atumadmintool\r_wikigames_eng_win32\atumparamprotocolfunctions.obj
t:\46vs2022\intermediate\atumadmintool\r_wikigames_eng_win32\titletip.sbr
t:\46vs2022\intermediate\atumadmintool\r_wikigames_eng_win32\titletip.obj
t:\46vs2022\intermediate\atumadmintool\r_wikigames_eng_win32\memoryhackhistory.sbr
t:\46vs2022\intermediate\atumadmintool\r_wikigames_eng_win32\memoryhackhistory.obj
t:\46vs2022\intermediate\atumadmintool\r_wikigames_eng_win32\characterinfodlg.sbr
t:\46vs2022\intermediate\atumadmintool\r_wikigames_eng_win32\characterinfodlg.obj
t:\46vs2022\intermediate\atumadmintool\r_wikigames_eng_win32\logtabitem.sbr
t:\46vs2022\intermediate\atumadmintool\r_wikigames_eng_win32\logtabitem.obj
t:\46vs2022\intermediate\atumadmintool\r_wikigames_eng_win32\markettabreturnauction.sbr
t:\46vs2022\intermediate\atumadmintool\r_wikigames_eng_win32\markettabreturnauction.obj
t:\46vs2022\intermediate\atumadmintool\r_wikigames_eng_win32\schappyhoureventadmindlg.sbr
t:\46vs2022\intermediate\atumadmintool\r_wikigames_eng_win32\schappyhoureventadmindlg.obj
t:\46vs2022\intermediate\atumadmintool\r_wikigames_eng_win32\atumdbhelper.sbr
t:\46vs2022\intermediate\atumadmintool\r_wikigames_eng_win32\atumdbhelper.obj
t:\46vs2022\intermediate\atumadmintool\r_wikigames_eng_win32\metafile.sbr
t:\46vs2022\intermediate\atumadmintool\r_wikigames_eng_win32\metafile.obj
t:\46vs2022\intermediate\atumadmintool\r_wikigames_eng_win32\blockaccountlistdlg.sbr
t:\46vs2022\intermediate\atumadmintool\r_wikigames_eng_win32\blockaccountlistdlg.obj
t:\46vs2022\intermediate\atumadmintool\r_wikigames_eng_win32\logtabguilditem.sbr
t:\46vs2022\intermediate\atumadmintool\r_wikigames_eng_win32\logtabguilditem.obj
t:\46vs2022\intermediate\atumadmintool\r_wikigames_eng_win32\wrupdateranking.sbr
t:\46vs2022\intermediate\atumadmintool\r_wikigames_eng_win32\wrupdateranking.obj
t:\46vs2022\intermediate\atumadmintool\r_wikigames_eng_win32\scguildadmindlg.sbr
t:\46vs2022\intermediate\atumadmintool\r_wikigames_eng_win32\scguildadmindlg.obj
t:\46vs2022\intermediate\atumadmintool\r_wikigames_eng_win32\staisticsmoneydlg.sbr
t:\46vs2022\intermediate\atumadmintool\r_wikigames_eng_win32\staisticsmoneydlg.obj
t:\46vs2022\intermediate\atumadmintool\r_wikigames_eng_win32\socketheader.sbr
t:\46vs2022\intermediate\atumadmintool\r_wikigames_eng_win32\socketheader.obj
t:\46vs2022\intermediate\atumadmintool\r_wikigames_eng_win32\atumdatetime.sbr
t:\46vs2022\intermediate\atumadmintool\r_wikigames_eng_win32\atumdatetime.obj
t:\46vs2022\intermediate\atumadmintool\r_wikigames_eng_win32\gridcellbase.sbr
t:\46vs2022\intermediate\atumadmintool\r_wikigames_eng_win32\gridcellbase.obj
t:\46vs2022\intermediate\atumadmintool\r_wikigames_eng_win32\utility.sbr
t:\46vs2022\intermediate\atumadmintool\r_wikigames_eng_win32\utility.obj
t:\46vs2022\intermediate\atumadmintool\r_wikigames_eng_win32\atumadmintool.sbr
t:\46vs2022\intermediate\atumadmintool\r_wikigames_eng_win32\atumadmintool.obj
t:\46vs2022\intermediate\atumadmintool\r_wikigames_eng_win32\leaderelection.sbr
t:\46vs2022\intermediate\atumadmintool\r_wikigames_eng_win32\leaderelection.obj
t:\46vs2022\intermediate\atumadmintool\r_wikigames_eng_win32\trayicon.sbr
t:\46vs2022\intermediate\atumadmintool\r_wikigames_eng_win32\trayicon.obj
t:\46vs2022\intermediate\atumadmintool\r_wikigames_eng_win32\pwddlg.sbr
t:\46vs2022\intermediate\atumadmintool\r_wikigames_eng_win32\pwddlg.obj
t:\46vs2022\intermediate\atumadmintool\r_wikigames_eng_win32\scmonthlyarmoreventdlg.sbr
t:\46vs2022\intermediate\atumadmintool\r_wikigames_eng_win32\scmonthlyarmoreventdlg.obj
t:\46vs2022\intermediate\atumadmintool\r_wikigames_eng_win32\winpacket.sbr
t:\46vs2022\intermediate\atumadmintool\r_wikigames_eng_win32\winpacket.obj
t:\46vs2022\intermediate\atumadmintool\r_wikigames_eng_win32\gridctrl.sbr
t:\46vs2022\intermediate\atumadmintool\r_wikigames_eng_win32\gridctrl.obj
t:\46vs2022\intermediate\atumadmintool\r_wikigames_eng_win32\waveplayer.sbr
t:\46vs2022\intermediate\atumadmintool\r_wikigames_eng_win32\waveplayer.obj
t:\46vs2022\intermediate\atumadmintool\r_wikigames_eng_win32\armorcollectionmodifydlg.sbr
t:\46vs2022\intermediate\atumadmintool\r_wikigames_eng_win32\armorcollectionmodifydlg.obj
t:\46vs2022\intermediate\atumadmintool\r_wikigames_eng_win32\inflwarlistdlg.sbr
t:\46vs2022\intermediate\atumadmintool\r_wikigames_eng_win32\inflwarlistdlg.obj
t:\46vs2022\intermediate\atumadmintool\r_wikigames_eng_win32\scadminwinsocket.sbr
t:\46vs2022\intermediate\atumadmintool\r_wikigames_eng_win32\scadminwinsocket.obj
t:\46vs2022\intermediate\atumadmintool\r_wikigames_eng_win32\realignmentcashitemdlg.sbr
t:\46vs2022\intermediate\atumadmintool\r_wikigames_eng_win32\realignmentcashitemdlg.obj
t:\46vs2022\intermediate\atumadmintool\r_wikigames_eng_win32\scuseradmindlg.sbr
t:\46vs2022\intermediate\atumadmintool\r_wikigames_eng_win32\scuseradmindlg.obj
t:\46vs2022\intermediate\atumadmintool\r_wikigames_eng_win32\md5_lib_src.sbr
t:\46vs2022\intermediate\atumadmintool\r_wikigames_eng_win32\md5_lib_src.obj
t:\46vs2022\intermediate\atumadmintool\r_wikigames_eng_win32\atumsj.sbr
t:\46vs2022\intermediate\atumadmintool\r_wikigames_eng_win32\atumsj.obj
t:\46vs2022\intermediate\atumadmintool\r_wikigames_eng_win32\odbcstatement.sbr
t:\46vs2022\intermediate\atumadmintool\r_wikigames_eng_win32\odbcstatement.obj
t:\46vs2022\intermediate\atumadmintool\r_wikigames_eng_win32\adminautonoticedlg.sbr
t:\46vs2022\intermediate\atumadmintool\r_wikigames_eng_win32\adminautonoticedlg.obj
t:\46vs2022\intermediate\atumadmintool\r_wikigames_eng_win32\deletedcharacter.sbr
t:\46vs2022\intermediate\atumadmintool\r_wikigames_eng_win32\deletedcharacter.obj
t:\46vs2022\intermediate\atumadmintool\r_wikigames_eng_win32\mytabctrl.sbr
t:\46vs2022\intermediate\atumadmintool\r_wikigames_eng_win32\mytabctrl.obj
t:\46vs2022\intermediate\atumadmintool\r_wikigames_eng_win32\premiuminfodlg.sbr
t:\46vs2022\intermediate\atumadmintool\r_wikigames_eng_win32\premiuminfodlg.obj
t:\46vs2022\intermediate\atumadmintool\r_wikigames_eng_win32\scserveradmindlg.sbr
t:\46vs2022\intermediate\atumadmintool\r_wikigames_eng_win32\scserveradmindlg.obj
t:\46vs2022\intermediate\atumadmintool\r_wikigames_eng_win32\gridcell.sbr
t:\46vs2022\intermediate\atumadmintool\r_wikigames_eng_win32\gridcell.obj
t:\46vs2022\intermediate\atumadmintool\r_wikigames_eng_win32\shieldsecuritydll.sbr
t:\46vs2022\intermediate\atumadmintool\r_wikigames_eng_win32\shieldsecuritydll.obj
t:\46vs2022\intermediate\atumadmintool\r_wikigames_eng_win32\atumadmintooldlg.sbr
t:\46vs2022\intermediate\atumadmintool\r_wikigames_eng_win32\atumadmintooldlg.obj
t:\46vs2022\intermediate\atumadmintool\r_wikigames_eng_win32\logtabcombatpower.sbr
t:\46vs2022\intermediate\atumadmintool\r_wikigames_eng_win32\logtabcombatpower.obj
t:\46vs2022\intermediate\atumadmintool\r_wikigames_eng_win32\wrankingmanagement.sbr
t:\46vs2022\intermediate\atumadmintool\r_wikigames_eng_win32\wrankingmanagement.obj
t:\46vs2022\intermediate\atumadmintool\r_wikigames_eng_win32\reportctrl.sbr
t:\46vs2022\intermediate\atumadmintool\r_wikigames_eng_win32\reportctrl.obj
t:\46vs2022\intermediate\atumadmintool\r_wikigames_eng_win32\scstrategypointadmindlg.sbr
t:\46vs2022\intermediate\atumadmintool\r_wikigames_eng_win32\scstrategypointadmindlg.obj
t:\46vs2022\intermediate\atumadmintool\r_wikigames_eng_win32\atumparamprotocol.sbr
t:\46vs2022\intermediate\atumadmintool\r_wikigames_eng_win32\atumparamprotocol.obj
t:\46vs2022\intermediate\atumadmintool\r_wikigames_eng_win32\localization.sbr
t:\46vs2022\intermediate\atumadmintool\r_wikigames_eng_win32\localization.obj
t:\46vs2022\intermediate\atumadmintool\r_wikigames_eng_win32\armorcollectioneditdlg.sbr
t:\46vs2022\intermediate\atumadmintool\r_wikigames_eng_win32\armorcollectioneditdlg.obj
t:\46vs2022\intermediate\atumadmintool\r_wikigames_eng_win32\influencerategridctrl.sbr
t:\46vs2022\intermediate\atumadmintool\r_wikigames_eng_win32\influencerategridctrl.obj
t:\46vs2022\intermediate\atumadmintool\r_wikigames_eng_win32\mgamemonitor.sbr
t:\46vs2022\intermediate\atumadmintool\r_wikigames_eng_win32\mgamemonitor.obj
t:\46vs2022\intermediate\atumadmintool\r_wikigames_eng_win32\petitionmanagementdlg.sbr
t:\46vs2022\intermediate\atumadmintool\r_wikigames_eng_win32\petitionmanagementdlg.obj
t:\46vs2022\intermediate\atumadmintool\r_wikigames_eng_win32\scoutpostdlg.sbr
t:\46vs2022\intermediate\atumadmintool\r_wikigames_eng_win32\scoutpostdlg.obj
t:\46vs2022\intermediate\atumadmintool\r_wikigames_eng_win32\dlgsetinfluencerate.sbr
t:\46vs2022\intermediate\atumadmintool\r_wikigames_eng_win32\dlgsetinfluencerate.obj
t:\46vs2022\intermediate\atumadmintool\r_wikigames_eng_win32\eventmonstermanagementdlg.sbr
t:\46vs2022\intermediate\atumadmintool\r_wikigames_eng_win32\eventmonstermanagementdlg.obj
t:\46vs2022\intermediate\atumadmintool\r_wikigames_eng_win32\cashshopmanagementdlg.sbr
t:\46vs2022\intermediate\atumadmintool\r_wikigames_eng_win32\cashshopmanagementdlg.obj
t:\46vs2022\intermediate\atumadmintool\r_wikigames_eng_win32\xortestdlg.sbr
t:\46vs2022\intermediate\atumadmintool\r_wikigames_eng_win32\xortestdlg.obj
t:\46vs2022\intermediate\atumadmintool\r_wikigames_eng_win32\setlimitusercountdlg.sbr
t:\46vs2022\intermediate\atumadmintool\r_wikigames_eng_win32\setlimitusercountdlg.obj
t:\46vs2022\intermediate\atumadmintool\r_wikigames_eng_win32\sethappyev.sbr
t:\46vs2022\intermediate\atumadmintool\r_wikigames_eng_win32\sethappyev.obj
t:\46vs2022\intermediate\atumadmintool\r_wikigames_eng_win32\seteventmonsterdlg.sbr
t:\46vs2022\intermediate\atumadmintool\r_wikigames_eng_win32\seteventmonsterdlg.obj
t:\46vs2022\intermediate\atumadmintool\r_wikigames_eng_win32\guildmarkrecognitiondlg.sbr
t:\46vs2022\intermediate\atumadmintool\r_wikigames_eng_win32\guildmarkrecognitiondlg.obj
t:\46vs2022\intermediate\atumadmintool\r_wikigames_eng_win32\dlgmsgbox.sbr
t:\46vs2022\intermediate\atumadmintool\r_wikigames_eng_win32\dlgmsgbox.obj
t:\46vs2022\intermediate\atumadmintool\r_wikigames_eng_win32\setpcbanghappyev.sbr
t:\46vs2022\intermediate\atumadmintool\r_wikigames_eng_win32\setpcbanghappyev.obj
t:\46vs2022\build\tools\atumadmintool.exe
t:\46vs2022\intermediate\atumadmintool\r_wikigames_eng_win32\atumadmintool.ipdb
t:\46vs2022\intermediate\atumadmintool\r_wikigames_eng_win32\atumadmintool.iobj
t:\46vs2022\build\tools\atumadmintool.pdb
t:\46vs2022\intermediate\atumadmintool\r_wikigames_eng_win32\atumadmintool.res
t:\46vs2022\server\gameserver\..\..\intermediate\atumadmintool\r_wikigames_eng_win32\atumadmintool.vcxproj.filelistabsolute.txt
t:\46vs2022\intermediate\atumadmintool\r_wikigames_eng_win32\atumadmintool.tlog\bscmake.command.1.tlog
t:\46vs2022\intermediate\atumadmintool\r_wikigames_eng_win32\atumadmintool.tlog\bscmake.read.1.tlog
t:\46vs2022\intermediate\atumadmintool\r_wikigames_eng_win32\atumadmintool.tlog\bscmake.write.1.tlog
t:\46vs2022\intermediate\atumadmintool\r_wikigames_eng_win32\atumadmintool.tlog\cl.command.1.tlog
t:\46vs2022\intermediate\atumadmintool\r_wikigames_eng_win32\atumadmintool.tlog\cl.read.1.tlog
t:\46vs2022\intermediate\atumadmintool\r_wikigames_eng_win32\atumadmintool.tlog\cl.write.1.tlog
t:\46vs2022\intermediate\atumadmintool\r_wikigames_eng_win32\atumadmintool.tlog\link.command.1.tlog
t:\46vs2022\intermediate\atumadmintool\r_wikigames_eng_win32\atumadmintool.tlog\link.read.1.tlog
t:\46vs2022\intermediate\atumadmintool\r_wikigames_eng_win32\atumadmintool.tlog\link.write.1.tlog
t:\46vs2022\intermediate\atumadmintool\r_wikigames_eng_win32\atumadmintool.tlog\metagen.read.1.tlog
t:\46vs2022\intermediate\atumadmintool\r_wikigames_eng_win32\atumadmintool.tlog\metagen.write.1.tlog
t:\46vs2022\intermediate\atumadmintool\r_wikigames_eng_win32\atumadmintool.tlog\rc.command.1.tlog
t:\46vs2022\intermediate\atumadmintool\r_wikigames_eng_win32\atumadmintool.tlog\rc.read.1.tlog
t:\46vs2022\intermediate\atumadmintool\r_wikigames_eng_win32\atumadmintool.tlog\rc.write.1.tlog
