t:\46vs2022\intermediate\atummonitor\r_evo_arena_win32\atummonitor.bsc
t:\46vs2022\intermediate\atummonitor\r_evo_arena_win32\vc143.pdb
t:\46vs2022\intermediate\atummonitor\r_evo_arena_win32\global.sbr
t:\46vs2022\intermediate\atummonitor\r_evo_arena_win32\iocp.sbr
t:\46vs2022\intermediate\atummonitor\r_evo_arena_win32\iocpsocket.sbr
t:\46vs2022\intermediate\atummonitor\r_evo_arena_win32\md5_lib_src.sbr
t:\46vs2022\intermediate\atummonitor\r_evo_arena_win32\mtautocriticalsection.sbr
t:\46vs2022\intermediate\atummonitor\r_evo_arena_win32\mtcriticalsection.sbr
t:\46vs2022\intermediate\atummonitor\r_evo_arena_win32\overlapped.sbr
t:\46vs2022\intermediate\atummonitor\r_evo_arena_win32\queueint.sbr
t:\46vs2022\intermediate\atummonitor\r_evo_arena_win32\socketheader.sbr
t:\46vs2022\intermediate\atummonitor\r_evo_arena_win32\systemlogmanager.sbr
t:\46vs2022\intermediate\atummonitor\r_evo_arena_win32\threadcheck.sbr
t:\46vs2022\intermediate\atummonitor\r_evo_arena_win32\vmem.sbr
t:\46vs2022\intermediate\atummonitor\r_evo_arena_win32\vmempool.sbr
t:\46vs2022\intermediate\atummonitor\r_evo_arena_win32\winpacket.sbr
t:\46vs2022\intermediate\atummonitor\r_evo_arena_win32\winsocket.sbr
t:\46vs2022\intermediate\atummonitor\r_evo_arena_win32\xor_lib.sbr
t:\46vs2022\intermediate\atummonitor\r_evo_arena_win32\atumdatetime.sbr
t:\46vs2022\intermediate\atummonitor\r_evo_arena_win32\atumdbhelper.sbr
t:\46vs2022\intermediate\atummonitor\r_evo_arena_win32\atumdbmanager.sbr
t:\46vs2022\intermediate\atummonitor\r_evo_arena_win32\atumparamprotocol.sbr
t:\46vs2022\intermediate\atummonitor\r_evo_arena_win32\atumparamprotocol.obj
t:\46vs2022\intermediate\atummonitor\r_evo_arena_win32\atumdbmanager.obj
t:\46vs2022\intermediate\atummonitor\r_evo_arena_win32\atumdbhelper.obj
t:\46vs2022\intermediate\atummonitor\r_evo_arena_win32\atumdatetime.obj
t:\46vs2022\intermediate\atummonitor\r_evo_arena_win32\xor_lib.obj
t:\46vs2022\intermediate\atummonitor\r_evo_arena_win32\winsocket.obj
t:\46vs2022\intermediate\atummonitor\r_evo_arena_win32\winpacket.obj
t:\46vs2022\intermediate\atummonitor\r_evo_arena_win32\vmempool.obj
t:\46vs2022\intermediate\atummonitor\r_evo_arena_win32\vmem.obj
t:\46vs2022\intermediate\atummonitor\r_evo_arena_win32\threadcheck.obj
t:\46vs2022\intermediate\atummonitor\r_evo_arena_win32\systemlogmanager.obj
t:\46vs2022\intermediate\atummonitor\r_evo_arena_win32\socketheader.obj
t:\46vs2022\intermediate\atummonitor\r_evo_arena_win32\queueint.obj
t:\46vs2022\intermediate\atummonitor\r_evo_arena_win32\overlapped.obj
t:\46vs2022\intermediate\atummonitor\r_evo_arena_win32\mtcriticalsection.obj
t:\46vs2022\intermediate\atummonitor\r_evo_arena_win32\mtautocriticalsection.obj
t:\46vs2022\intermediate\atummonitor\r_evo_arena_win32\md5_lib_src.obj
t:\46vs2022\intermediate\atummonitor\r_evo_arena_win32\iocpsocket.obj
t:\46vs2022\intermediate\atummonitor\r_evo_arena_win32\iocp.obj
t:\46vs2022\intermediate\atummonitor\r_evo_arena_win32\global.obj
t:\46vs2022\intermediate\atummonitor\r_evo_arena_win32\atumparamprotocolfunctions.sbr
t:\46vs2022\intermediate\atummonitor\r_evo_arena_win32\atumthread.sbr
t:\46vs2022\intermediate\atummonitor\r_evo_arena_win32\browseforfolder.sbr
t:\46vs2022\intermediate\atummonitor\r_evo_arena_win32\commandhistory.sbr
t:\46vs2022\intermediate\atummonitor\r_evo_arena_win32\globalgameserver.sbr
t:\46vs2022\intermediate\atummonitor\r_evo_arena_win32\gridcell.sbr
t:\46vs2022\intermediate\atummonitor\r_evo_arena_win32\gridcellbase.sbr
t:\46vs2022\intermediate\atummonitor\r_evo_arena_win32\gridctrl.sbr
t:\46vs2022\intermediate\atummonitor\r_evo_arena_win32\griddroptarget.sbr
t:\46vs2022\intermediate\atummonitor\r_evo_arena_win32\inplaceedit.sbr
t:\46vs2022\intermediate\atummonitor\r_evo_arena_win32\titletip.sbr
t:\46vs2022\intermediate\atummonitor\r_evo_arena_win32\historycombobox.sbr
t:\46vs2022\intermediate\atummonitor\r_evo_arena_win32\httpmanager.sbr
t:\46vs2022\intermediate\atummonitor\r_evo_arena_win32\localization.sbr
t:\46vs2022\intermediate\atummonitor\r_evo_arena_win32\odbcstatement.sbr
t:\46vs2022\intermediate\atummonitor\r_evo_arena_win32\scserverdbconndlg.sbr
t:\46vs2022\intermediate\atummonitor\r_evo_arena_win32\sqlreader.sbr
t:\46vs2022\intermediate\atummonitor\r_evo_arena_win32\tickmanager.sbr
t:\46vs2022\intermediate\atummonitor\r_evo_arena_win32\waypointmanager.sbr
t:\46vs2022\intermediate\atummonitor\r_evo_arena_win32\adminwindowdlg.sbr
t:\46vs2022\intermediate\atummonitor\r_evo_arena_win32\adminwindowdlg.obj
t:\46vs2022\intermediate\atummonitor\r_evo_arena_win32\waypointmanager.obj
t:\46vs2022\intermediate\atummonitor\r_evo_arena_win32\tickmanager.obj
t:\46vs2022\intermediate\atummonitor\r_evo_arena_win32\sqlreader.obj
t:\46vs2022\intermediate\atummonitor\r_evo_arena_win32\scserverdbconndlg.obj
t:\46vs2022\intermediate\atummonitor\r_evo_arena_win32\odbcstatement.obj
t:\46vs2022\intermediate\atummonitor\r_evo_arena_win32\localization.obj
t:\46vs2022\intermediate\atummonitor\r_evo_arena_win32\httpmanager.obj
t:\46vs2022\intermediate\atummonitor\r_evo_arena_win32\historycombobox.obj
t:\46vs2022\intermediate\atummonitor\r_evo_arena_win32\titletip.obj
t:\46vs2022\intermediate\atummonitor\r_evo_arena_win32\inplaceedit.obj
t:\46vs2022\intermediate\atummonitor\r_evo_arena_win32\griddroptarget.obj
t:\46vs2022\intermediate\atummonitor\r_evo_arena_win32\gridctrl.obj
t:\46vs2022\intermediate\atummonitor\r_evo_arena_win32\gridcellbase.obj
t:\46vs2022\intermediate\atummonitor\r_evo_arena_win32\gridcell.obj
t:\46vs2022\intermediate\atummonitor\r_evo_arena_win32\globalgameserver.obj
t:\46vs2022\intermediate\atummonitor\r_evo_arena_win32\commandhistory.obj
t:\46vs2022\intermediate\atummonitor\r_evo_arena_win32\browseforfolder.obj
t:\46vs2022\intermediate\atummonitor\r_evo_arena_win32\atumthread.obj
t:\46vs2022\intermediate\atummonitor\r_evo_arena_win32\atumparamprotocolfunctions.obj
t:\46vs2022\intermediate\atummonitor\r_evo_arena_win32\atummonitor.sbr
t:\46vs2022\intermediate\atummonitor\r_evo_arena_win32\atummonitordoc.sbr
t:\46vs2022\intermediate\atummonitor\r_evo_arena_win32\atummonitorview.sbr
t:\46vs2022\intermediate\atummonitor\r_evo_arena_win32\checkdbdata.sbr
t:\46vs2022\intermediate\atummonitor\r_evo_arena_win32\checkitemdialog.sbr
t:\46vs2022\intermediate\atummonitor\r_evo_arena_win32\clientftpupdatemanagerdlg.sbr
t:\46vs2022\intermediate\atummonitor\r_evo_arena_win32\dlgnewservergroup.sbr
t:\46vs2022\intermediate\atummonitor\r_evo_arena_win32\fieldserverdlg.sbr
t:\46vs2022\intermediate\atummonitor\r_evo_arena_win32\infogendlg.sbr
t:\46vs2022\intermediate\atummonitor\r_evo_arena_win32\leftview.sbr
t:\46vs2022\intermediate\atummonitor\r_evo_arena_win32\mainfrm.sbr
t:\46vs2022\intermediate\atummonitor\r_evo_arena_win32\monitornode.sbr
t:\46vs2022\intermediate\atummonitor\r_evo_arena_win32\monitorwinsocket.sbr
t:\46vs2022\intermediate\atummonitor\r_evo_arena_win32\trayicon.sbr
t:\46vs2022\intermediate\atummonitor\r_evo_arena_win32\dataheader.sbr
t:\46vs2022\intermediate\atummonitor\r_evo_arena_win32\totalheader.sbr
t:\46vs2022\intermediate\atummonitor\r_evo_arena_win32\zipfile1.sbr
t:\46vs2022\intermediate\atummonitor\r_evo_arena_win32\zipfiledlg.sbr
t:\46vs2022\intermediate\atummonitor\r_evo_arena_win32\monitortickmanager.sbr
t:\46vs2022\intermediate\atummonitor\r_evo_arena_win32\myfiledialog.sbr
t:\46vs2022\intermediate\atummonitor\r_evo_arena_win32\myfiledialog.obj
t:\46vs2022\intermediate\atummonitor\r_evo_arena_win32\monitortickmanager.obj
t:\46vs2022\intermediate\atummonitor\r_evo_arena_win32\zipfiledlg.obj
t:\46vs2022\intermediate\atummonitor\r_evo_arena_win32\zipfile1.obj
t:\46vs2022\intermediate\atummonitor\r_evo_arena_win32\totalheader.obj
t:\46vs2022\intermediate\atummonitor\r_evo_arena_win32\dataheader.obj
t:\46vs2022\intermediate\atummonitor\r_evo_arena_win32\trayicon.obj
t:\46vs2022\intermediate\atummonitor\r_evo_arena_win32\monitorwinsocket.obj
t:\46vs2022\intermediate\atummonitor\r_evo_arena_win32\monitornode.obj
t:\46vs2022\intermediate\atummonitor\r_evo_arena_win32\mainfrm.obj
t:\46vs2022\intermediate\atummonitor\r_evo_arena_win32\leftview.obj
t:\46vs2022\intermediate\atummonitor\r_evo_arena_win32\infogendlg.obj
t:\46vs2022\intermediate\atummonitor\r_evo_arena_win32\fieldserverdlg.obj
t:\46vs2022\intermediate\atummonitor\r_evo_arena_win32\dlgnewservergroup.obj
t:\46vs2022\intermediate\atummonitor\r_evo_arena_win32\clientftpupdatemanagerdlg.obj
t:\46vs2022\intermediate\atummonitor\r_evo_arena_win32\checkitemdialog.obj
t:\46vs2022\intermediate\atummonitor\r_evo_arena_win32\checkdbdata.obj
t:\46vs2022\intermediate\atummonitor\r_evo_arena_win32\atummonitorview.obj
t:\46vs2022\intermediate\atummonitor\r_evo_arena_win32\atummonitordoc.obj
t:\46vs2022\intermediate\atummonitor\r_evo_arena_win32\atummonitor.obj
t:\46vs2022\intermediate\atummonitor\r_evo_arena_win32\preusercountdlg.sbr
t:\46vs2022\intermediate\atummonitor\r_evo_arena_win32\pringdbgdlg.sbr
t:\46vs2022\intermediate\atummonitor\r_evo_arena_win32\recordprogress.sbr
t:\46vs2022\intermediate\atummonitor\r_evo_arena_win32\selectserverdlg.sbr
t:\46vs2022\intermediate\atummonitor\r_evo_arena_win32\setcitywartimedlg.sbr
t:\46vs2022\intermediate\atummonitor\r_evo_arena_win32\setmgameeventtypedlg.sbr
t:\46vs2022\intermediate\atummonitor\r_evo_arena_win32\sqlreaderdlg.sbr
t:\46vs2022\intermediate\atummonitor\r_evo_arena_win32\stdafx.sbr
t:\46vs2022\intermediate\atummonitor\r_evo_arena_win32\tablename.sbr
t:\46vs2022\intermediate\atummonitor\r_evo_arena_win32\totalprogress.sbr
t:\46vs2022\intermediate\atummonitor\r_evo_arena_win32\totalprogress.obj
t:\46vs2022\intermediate\atummonitor\r_evo_arena_win32\tablename.obj
t:\46vs2022\intermediate\atummonitor\r_evo_arena_win32\stdafx.obj
t:\46vs2022\intermediate\atummonitor\r_evo_arena_win32\sqlreaderdlg.obj
t:\46vs2022\intermediate\atummonitor\r_evo_arena_win32\setmgameeventtypedlg.obj
t:\46vs2022\intermediate\atummonitor\r_evo_arena_win32\setcitywartimedlg.obj
t:\46vs2022\intermediate\atummonitor\r_evo_arena_win32\selectserverdlg.obj
t:\46vs2022\intermediate\atummonitor\r_evo_arena_win32\recordprogress.obj
t:\46vs2022\intermediate\atummonitor\r_evo_arena_win32\pringdbgdlg.obj
t:\46vs2022\intermediate\atummonitor\r_evo_arena_win32\preusercountdlg.obj
t:\46vs2022\build\tools\atummonitor.exe
t:\46vs2022\intermediate\atummonitor\r_evo_arena_win32\atummonitor.ipdb
t:\46vs2022\intermediate\atummonitor\r_evo_arena_win32\atummonitor.iobj
t:\46vs2022\build\tools\atummonitor.map
t:\46vs2022\build\tools\atummonitor.pdb
t:\46vs2022\intermediate\atummonitor\r_evo_arena_win32\atummonitor.res
t:\46vs2022\server\gameserver\..\..\build\tools\atummonitor.pdb
t:\46vs2022\server\gameserver\..\..\intermediate\atummonitor\r_evo_arena_win32\atummonitor.vcxproj.filelistabsolute.txt
t:\46vs2022\intermediate\atummonitor\r_evo_arena_win32\atummonitor.tlog\bscmake.command.1.tlog
t:\46vs2022\intermediate\atummonitor\r_evo_arena_win32\atummonitor.tlog\bscmake.read.1.tlog
t:\46vs2022\intermediate\atummonitor\r_evo_arena_win32\atummonitor.tlog\bscmake.write.1.tlog
t:\46vs2022\intermediate\atummonitor\r_evo_arena_win32\atummonitor.tlog\cl.command.1.tlog
t:\46vs2022\intermediate\atummonitor\r_evo_arena_win32\atummonitor.tlog\cl.read.1.tlog
t:\46vs2022\intermediate\atummonitor\r_evo_arena_win32\atummonitor.tlog\cl.write.1.tlog
t:\46vs2022\intermediate\atummonitor\r_evo_arena_win32\atummonitor.tlog\link.command.1.tlog
t:\46vs2022\intermediate\atummonitor\r_evo_arena_win32\atummonitor.tlog\link.read.1.tlog
t:\46vs2022\intermediate\atummonitor\r_evo_arena_win32\atummonitor.tlog\link.write.1.tlog
t:\46vs2022\intermediate\atummonitor\r_evo_arena_win32\atummonitor.tlog\metagen.read.1.tlog
t:\46vs2022\intermediate\atummonitor\r_evo_arena_win32\atummonitor.tlog\metagen.write.1.tlog
t:\46vs2022\intermediate\atummonitor\r_evo_arena_win32\atummonitor.tlog\rc.command.1.tlog
t:\46vs2022\intermediate\atummonitor\r_evo_arena_win32\atummonitor.tlog\rc.read.1.tlog
t:\46vs2022\intermediate\atummonitor\r_evo_arena_win32\atummonitor.tlog\rc.write.1.tlog
