t:\46vs2022\intermediate\npcserver\r_evo_arena_win32\vc140.pch
t:\46vs2022\build\bins\arenanpcserver.pdb
t:\46vs2022\intermediate\npcserver\r_evo_arena_win32\stdafx.obj
t:\46vs2022\intermediate\npcserver\r_evo_arena_win32\mtcriticalsection.obj
t:\46vs2022\intermediate\npcserver\r_evo_arena_win32\atumparamprotocol.obj
t:\46vs2022\intermediate\npcserver\r_evo_arena_win32\mapworkspace.obj
t:\46vs2022\intermediate\npcserver\r_evo_arena_win32\npciocpsocket.obj
t:\46vs2022\intermediate\npcserver\r_evo_arena_win32\overlapped.obj
t:\46vs2022\intermediate\npcserver\r_evo_arena_win32\winsocket.obj
t:\46vs2022\intermediate\npcserver\r_evo_arena_win32\hpaction.obj
t:\46vs2022\intermediate\npcserver\r_evo_arena_win32\dxutil.obj
t:\46vs2022\intermediate\npcserver\r_evo_arena_win32\npctickmanager.obj
t:\46vs2022\intermediate\npcserver\r_evo_arena_win32\sha256.obj
t:\46vs2022\intermediate\npcserver\r_evo_arena_win32\atumdbhelper.obj
t:\46vs2022\intermediate\npcserver\r_evo_arena_win32\mapchannel.obj
t:\46vs2022\intermediate\npcserver\r_evo_arena_win32\n2fsocket.obj
t:\46vs2022\intermediate\npcserver\r_evo_arena_win32\queueint.obj
t:\46vs2022\intermediate\npcserver\r_evo_arena_win32\atumparamprotocolfunctions.obj
t:\46vs2022\intermediate\npcserver\r_evo_arena_win32\monster.obj
t:\46vs2022\intermediate\npcserver\r_evo_arena_win32\npcglobal.obj
t:\46vs2022\intermediate\npcserver\r_evo_arena_win32\socketheader.obj
t:\46vs2022\intermediate\npcserver\r_evo_arena_win32\atumsj.obj
t:\46vs2022\intermediate\npcserver\r_evo_arena_win32\monsterdbaccess.obj
t:\46vs2022\intermediate\npcserver\r_evo_arena_win32\npcmapproject.obj
t:\46vs2022\intermediate\npcserver\r_evo_arena_win32\iocp.obj
t:\46vs2022\intermediate\npcserver\r_evo_arena_win32\vmempool.obj
t:\46vs2022\intermediate\npcserver\r_evo_arena_win32\atumthread.obj
t:\46vs2022\intermediate\npcserver\r_evo_arena_win32\waypointmanager.obj
t:\46vs2022\intermediate\npcserver\r_evo_arena_win32\npcserver.obj
t:\46vs2022\intermediate\npcserver\r_evo_arena_win32\iocpsocket.obj
t:\46vs2022\intermediate\npcserver\r_evo_arena_win32\winpacket.obj
t:\46vs2022\intermediate\npcserver\r_evo_arena_win32\config.obj
t:\46vs2022\intermediate\npcserver\r_evo_arena_win32\odbcstatement.obj
t:\46vs2022\intermediate\npcserver\r_evo_arena_win32\npcmapworkspace.obj
t:\46vs2022\intermediate\npcserver\r_evo_arena_win32\mtautocriticalsection.obj
t:\46vs2022\intermediate\npcserver\r_evo_arena_win32\atumdatetime.obj
t:\46vs2022\intermediate\npcserver\r_evo_arena_win32\mapblock.obj
t:\46vs2022\intermediate\npcserver\r_evo_arena_win32\atumnode.obj
t:\46vs2022\intermediate\npcserver\r_evo_arena_win32\npcskillmanager.obj
t:\46vs2022\intermediate\npcserver\r_evo_arena_win32\md5_lib_src.obj
t:\46vs2022\intermediate\npcserver\r_evo_arena_win32\xor_lib.obj
t:\46vs2022\intermediate\npcserver\r_evo_arena_win32\localization.obj
t:\46vs2022\intermediate\npcserver\r_evo_arena_win32\d3dapp.obj
t:\46vs2022\intermediate\npcserver\r_evo_arena_win32\skinnedmesh.obj
t:\46vs2022\intermediate\npcserver\r_evo_arena_win32\threadcheck.obj
t:\46vs2022\intermediate\npcserver\r_evo_arena_win32\gamedatalast.obj
t:\46vs2022\intermediate\npcserver\r_evo_arena_win32\tickmanager.obj
t:\46vs2022\intermediate\npcserver\r_evo_arena_win32\npcmonster.obj
t:\46vs2022\intermediate\npcserver\r_evo_arena_win32\global.obj
t:\46vs2022\intermediate\npcserver\r_evo_arena_win32\vmem.obj
t:\46vs2022\intermediate\npcserver\r_evo_arena_win32\globalgameserver.obj
t:\46vs2022\intermediate\npcserver\r_evo_arena_win32\d3dutil.obj
t:\46vs2022\intermediate\npcserver\r_evo_arena_win32\npcmapchannel.obj
t:\46vs2022\intermediate\npcserver\r_evo_arena_win32\systemlogmanager.obj
t:\46vs2022\intermediate\npcserver\r_evo_arena_win32\atumdbmanager.obj
t:\46vs2022\intermediate\npcserver\r_evo_arena_win32\mapproject.obj
t:\46vs2022\intermediate\npcserver\r_evo_arena_win32\npciocp.obj
t:\46vs2022\build\bins\arenanpcserver.exe
t:\46vs2022\intermediate\npcserver\r_evo_arena_win32\arenanpcserver.iobj
t:\46vs2022\build\bins\arenanpcserver.map
t:\46vs2022\intermediate\npcserver\r_evo_arena_win32\npcserver.res
t:\46vs2022\server\gameserver\..\..\build\bins\arenanpcserver.pdb
t:\46vs2022\server\gameserver\..\..\intermediate\npcserver\r_evo_arena_win32\npcserver.vcxproj.filelistabsolute.txt
t:\46vs2022\intermediate\npcserver\r_evo_arena_win32\npcserver.tlog\cl.command.1.tlog
t:\46vs2022\intermediate\npcserver\r_evo_arena_win32\npcserver.tlog\cl.read.1.tlog
t:\46vs2022\intermediate\npcserver\r_evo_arena_win32\npcserver.tlog\cl.write.1.tlog
t:\46vs2022\intermediate\npcserver\r_evo_arena_win32\npcserver.tlog\link.command.1.tlog
t:\46vs2022\intermediate\npcserver\r_evo_arena_win32\npcserver.tlog\link.read.1.tlog
t:\46vs2022\intermediate\npcserver\r_evo_arena_win32\npcserver.tlog\link.write.1.tlog
t:\46vs2022\intermediate\npcserver\r_evo_arena_win32\npcserver.tlog\rc.command.1.tlog
t:\46vs2022\intermediate\npcserver\r_evo_arena_win32\npcserver.tlog\rc.read.1.tlog
t:\46vs2022\intermediate\npcserver\r_evo_arena_win32\npcserver.tlog\rc.write.1.tlog
