t:\46vs2022\intermediate\questloader\r_evo_arena_win32\questloader.l.obj
t:\46vs2022\intermediate\questloader\r_evo_arena_win32\quest.obj
t:\46vs2022\intermediate\questloader\r_evo_arena_win32\questloaderparser.obj
t:\46vs2022\intermediate\questloader\r_evo_arena_win32\main.obj
t:\46vs2022\intermediate\questloader\r_evo_arena_win32\questloader.obj
t:\46vs2022\intermediate\questloader\r_evo_arena_win32\uservariable.obj
t:\46vs2022\intermediate\questloader\r_evo_arena_win32\vc143.pdb
t:\46vs2022\server\gameserver\questloader\.l.cpp
t:\46vs2022\server\gameserver\questloader\.cpp
t:\46vs2022\build\tools\questloader.exe
t:\46vs2022\intermediate\questloader\r_evo_arena_win32\questloader.ipdb
t:\46vs2022\intermediate\questloader\r_evo_arena_win32\questloader.iobj
t:\46vs2022\build\tools\questloader.pdb
t:\46vs2022\server\gameserver\..\..\build\tools\questloader.pdb
t:\46vs2022\server\gameserver\..\..\intermediate\questloader\r_evo_arena_win32\questloader.vcxproj.filelistabsolute.txt
t:\46vs2022\intermediate\questloader\r_evo_arena_win32\questloader.tlog\cl.14488.write.1.tlog
t:\46vs2022\intermediate\questloader\r_evo_arena_win32\questloader.tlog\cl.command.1.tlog
t:\46vs2022\intermediate\questloader\r_evo_arena_win32\questloader.tlog\cl.read.1.tlog
t:\46vs2022\intermediate\questloader\r_evo_arena_win32\questloader.tlog\custombuild.command.1.tlog
t:\46vs2022\intermediate\questloader\r_evo_arena_win32\questloader.tlog\custombuild.read.1.tlog
t:\46vs2022\intermediate\questloader\r_evo_arena_win32\questloader.tlog\custombuild.write.1.tlog
t:\46vs2022\intermediate\questloader\r_evo_arena_win32\questloader.tlog\link.command.1.tlog
t:\46vs2022\intermediate\questloader\r_evo_arena_win32\questloader.tlog\link.read.1.tlog
t:\46vs2022\intermediate\questloader\r_evo_arena_win32\questloader.tlog\link.write.1.tlog
