t:\46vs2022\intermediate\preserver\r_wikigames_eng_win32\vc140.pch
t:\46vs2022\intermediate\preserver\r_wikigames_eng_win32\vc143.pdb
t:\46vs2022\intermediate\preserver\r_wikigames_eng_win32\stdafx.obj
t:\46vs2022\intermediate\preserver\r_wikigames_eng_win32\overlapped.obj
t:\46vs2022\intermediate\preserver\r_wikigames_eng_win32\winpacket.obj
t:\46vs2022\intermediate\preserver\r_wikigames_eng_win32\mapproject.obj
t:\46vs2022\intermediate\preserver\r_wikigames_eng_win32\nplaypcbangmodule.obj
t:\46vs2022\intermediate\preserver\r_wikigames_eng_win32\mtautocriticalsection.obj
t:\46vs2022\intermediate\preserver\r_wikigames_eng_win32\winsocket.obj
t:\46vs2022\intermediate\preserver\r_wikigames_eng_win32\loadlibrary.obj
t:\46vs2022\intermediate\preserver\r_wikigames_eng_win32\tickmanager.obj
t:\46vs2022\intermediate\preserver\r_wikigames_eng_win32\shutdowntarget.obj
t:\46vs2022\intermediate\preserver\r_wikigames_eng_win32\md5_lib_src.obj
t:\46vs2022\intermediate\preserver\r_wikigames_eng_win32\atumdatetime.obj
t:\46vs2022\intermediate\preserver\r_wikigames_eng_win32\mapblock.obj
t:\46vs2022\intermediate\preserver\r_wikigames_eng_win32\accountblockmanager.obj
t:\46vs2022\intermediate\preserver\r_wikigames_eng_win32\mtcriticalsection.obj
t:\46vs2022\intermediate\preserver\r_wikigames_eng_win32\xor_lib.obj
t:\46vs2022\intermediate\preserver\r_wikigames_eng_win32\innovalibrary.obj
t:\46vs2022\intermediate\preserver\r_wikigames_eng_win32\soapconnect.obj
t:\46vs2022\intermediate\preserver\r_wikigames_eng_win32\selectiveshutdown.obj
t:\46vs2022\intermediate\preserver\r_wikigames_eng_win32\threadcheck.obj
t:\46vs2022\intermediate\preserver\r_wikigames_eng_win32\atumthread.obj
t:\46vs2022\intermediate\preserver\r_wikigames_eng_win32\globalgameserver.obj
t:\46vs2022\intermediate\preserver\r_wikigames_eng_win32\servergroup.obj
t:\46vs2022\intermediate\preserver\r_wikigames_eng_win32\sptompwinsocket.obj
t:\46vs2022\intermediate\preserver\r_wikigames_eng_win32\global.obj
t:\46vs2022\intermediate\preserver\r_wikigames_eng_win32\vmempool.obj
t:\46vs2022\intermediate\preserver\r_wikigames_eng_win32\gamedatalast.obj
t:\46vs2022\intermediate\preserver\r_wikigames_eng_win32\monsterdbaccess.obj
t:\46vs2022\intermediate\preserver\r_wikigames_eng_win32\preserver.obj
t:\46vs2022\intermediate\preserver\r_wikigames_eng_win32\sha256.obj
t:\46vs2022\intermediate\preserver\r_wikigames_eng_win32\atumparamprotocol.obj
t:\46vs2022\intermediate\preserver\r_wikigames_eng_win32\mapchannel.obj
t:\46vs2022\intermediate\preserver\r_wikigames_eng_win32\atumpredbmanager.obj
t:\46vs2022\intermediate\preserver\r_wikigames_eng_win32\socketheader.obj
t:\46vs2022\intermediate\preserver\r_wikigames_eng_win32\atumparamprotocolfunctions.obj
t:\46vs2022\intermediate\preserver\r_wikigames_eng_win32\generichttpclient.obj
t:\46vs2022\intermediate\preserver\r_wikigames_eng_win32\odbcstatement.obj
t:\46vs2022\intermediate\preserver\r_wikigames_eng_win32\preiocp.obj
t:\46vs2022\intermediate\preserver\r_wikigames_eng_win32\iocp.obj
t:\46vs2022\intermediate\preserver\r_wikigames_eng_win32\atumdbmanager.obj
t:\46vs2022\intermediate\preserver\r_wikigames_eng_win32\localization.obj
t:\46vs2022\intermediate\preserver\r_wikigames_eng_win32\waypointmanager.obj
t:\46vs2022\intermediate\preserver\r_wikigames_eng_win32\queueint.obj
t:\46vs2022\intermediate\preserver\r_wikigames_eng_win32\atumdbhelper.obj
t:\46vs2022\intermediate\preserver\r_wikigames_eng_win32\mapworkspace.obj
t:\46vs2022\intermediate\preserver\r_wikigames_eng_win32\preglobal.obj
t:\46vs2022\intermediate\preserver\r_wikigames_eng_win32\systemlogmanager.obj
t:\46vs2022\intermediate\preserver\r_wikigames_eng_win32\atumsj.obj
t:\46vs2022\intermediate\preserver\r_wikigames_eng_win32\httpmanager.obj
t:\46vs2022\intermediate\preserver\r_wikigames_eng_win32\securitymanager.obj
t:\46vs2022\intermediate\preserver\r_wikigames_eng_win32\pretickmanager.obj
t:\46vs2022\intermediate\preserver\r_wikigames_eng_win32\iocpsocket.obj
t:\46vs2022\intermediate\preserver\r_wikigames_eng_win32\vmem.obj
t:\46vs2022\intermediate\preserver\r_wikigames_eng_win32\config.obj
t:\46vs2022\intermediate\preserver\r_wikigames_eng_win32\monster.obj
t:\46vs2022\intermediate\preserver\r_wikigames_eng_win32\preiocpsocket.obj
t:\46vs2022\build\bins\preserver.exe
t:\46vs2022\intermediate\preserver\r_wikigames_eng_win32\preserver.ipdb
t:\46vs2022\intermediate\preserver\r_wikigames_eng_win32\preserver.iobj
t:\46vs2022\build\bins\preserver.map
t:\46vs2022\build\bins\preserver.pdb
t:\46vs2022\intermediate\preserver\r_wikigames_eng_win32\preserver.res
t:\46vs2022\server\gameserver\..\..\intermediate\preserver\r_wikigames_eng_win32\preserver.vcxproj.filelistabsolute.txt
t:\46vs2022\intermediate\preserver\r_wikigames_eng_win32\preserver.tlog\cl.command.1.tlog
t:\46vs2022\intermediate\preserver\r_wikigames_eng_win32\preserver.tlog\cl.read.1.tlog
t:\46vs2022\intermediate\preserver\r_wikigames_eng_win32\preserver.tlog\cl.write.1.tlog
t:\46vs2022\intermediate\preserver\r_wikigames_eng_win32\preserver.tlog\link.command.1.tlog
t:\46vs2022\intermediate\preserver\r_wikigames_eng_win32\preserver.tlog\link.read.1.tlog
t:\46vs2022\intermediate\preserver\r_wikigames_eng_win32\preserver.tlog\link.write.1.tlog
t:\46vs2022\intermediate\preserver\r_wikigames_eng_win32\preserver.tlog\metagen.read.1.tlog
t:\46vs2022\intermediate\preserver\r_wikigames_eng_win32\preserver.tlog\metagen.write.1.tlog
t:\46vs2022\intermediate\preserver\r_wikigames_eng_win32\preserver.tlog\rc.command.1.tlog
t:\46vs2022\intermediate\preserver\r_wikigames_eng_win32\preserver.tlog\rc.read.1.tlog
t:\46vs2022\intermediate\preserver\r_wikigames_eng_win32\preserver.tlog\rc.write.1.tlog
