t:\46vs2022\intermediate\spacecowboydbeditortool\r_evo_arena_win32\vc140.pch
t:\46vs2022\intermediate\spacecowboydbeditortool\r_evo_arena_win32\vc143.pdb
t:\46vs2022\intermediate\spacecowboydbeditortool\r_evo_arena_win32\stdafx.obj
t:\46vs2022\intermediate\spacecowboydbeditortool\r_evo_arena_win32\md5_lib_src.obj
t:\46vs2022\intermediate\spacecowboydbeditortool\r_evo_arena_win32\atumsj.obj
t:\46vs2022\intermediate\spacecowboydbeditortool\r_evo_arena_win32\linkdetaildlg.obj
t:\46vs2022\intermediate\spacecowboydbeditortool\r_evo_arena_win32\previewdlg.obj
t:\46vs2022\intermediate\spacecowboydbeditortool\r_evo_arena_win32\statisticpage101dlg.obj
t:\46vs2022\intermediate\spacecowboydbeditortool\r_evo_arena_win32\statisticpage8dlg.obj
t:\46vs2022\intermediate\spacecowboydbeditortool\r_evo_arena_win32\atumparamprotocol.obj
t:\46vs2022\intermediate\spacecowboydbeditortool\r_evo_arena_win32\gridctrl.obj
t:\46vs2022\intermediate\spacecowboydbeditortool\r_evo_arena_win32\logtabserverintegration.obj
t:\46vs2022\intermediate\spacecowboydbeditortool\r_evo_arena_win32\questloaddlg.obj
t:\46vs2022\intermediate\spacecowboydbeditortool\r_evo_arena_win32\statisticpage3dlg.obj
t:\46vs2022\intermediate\spacecowboydbeditortool\r_evo_arena_win32\statisticpage9dlg.obj
t:\46vs2022\intermediate\spacecowboydbeditortool\r_evo_arena_win32\winsocket.obj
t:\46vs2022\intermediate\spacecowboydbeditortool\r_evo_arena_win32\localization.obj
t:\46vs2022\intermediate\spacecowboydbeditortool\r_evo_arena_win32\logtabuser.obj
t:\46vs2022\intermediate\spacecowboydbeditortool\r_evo_arena_win32\questeditordlg.obj
t:\46vs2022\intermediate\spacecowboydbeditortool\r_evo_arena_win32\statisticpage2dlg.obj
t:\46vs2022\intermediate\spacecowboydbeditortool\r_evo_arena_win32\statisticpage99dlg.obj
t:\46vs2022\intermediate\spacecowboydbeditortool\r_evo_arena_win32\winpacket.obj
t:\46vs2022\intermediate\spacecowboydbeditortool\r_evo_arena_win32\inplaceedit.obj
t:\46vs2022\intermediate\spacecowboydbeditortool\r_evo_arena_win32\logtabconnection.obj
t:\46vs2022\intermediate\spacecowboydbeditortool\r_evo_arena_win32\monsterdlg.obj
t:\46vs2022\intermediate\spacecowboydbeditortool\r_evo_arena_win32\statisticpage1dlg.obj
t:\46vs2022\intermediate\spacecowboydbeditortool\r_evo_arena_win32\statisticpage97dlg.obj
t:\46vs2022\intermediate\spacecowboydbeditortool\r_evo_arena_win32\systemlogmanager.obj
t:\46vs2022\intermediate\spacecowboydbeditortool\r_evo_arena_win32\atumparamprotocolfunctions.obj
t:\46vs2022\intermediate\spacecowboydbeditortool\r_evo_arena_win32\engineitemdlg.obj
t:\46vs2022\intermediate\spacecowboydbeditortool\r_evo_arena_win32\monsterattackdetaildlg.obj
t:\46vs2022\intermediate\spacecowboydbeditortool\r_evo_arena_win32\spacecowboydbeditortooldlg.obj
t:\46vs2022\intermediate\spacecowboydbeditortool\r_evo_arena_win32\statisticpage7dlg.obj
t:\46vs2022\intermediate\spacecowboydbeditortool\r_evo_arena_win32\xor_lib.obj
t:\46vs2022\intermediate\spacecowboydbeditortool\r_evo_arena_win32\quest.obj
t:\46vs2022\intermediate\spacecowboydbeditortool\r_evo_arena_win32\mapeditordlg.obj
t:\46vs2022\intermediate\spacecowboydbeditortool\r_evo_arena_win32\sclogadmindlg.obj
t:\46vs2022\intermediate\spacecowboydbeditortool\r_evo_arena_win32\statisticpage61dlg.obj
t:\46vs2022\intermediate\spacecowboydbeditortool\r_evo_arena_win32\weaponitemdetail.obj
t:\46vs2022\intermediate\spacecowboydbeditortool\r_evo_arena_win32\vmempool.obj
t:\46vs2022\intermediate\spacecowboydbeditortool\r_evo_arena_win32\gridcellbase.obj
t:\46vs2022\intermediate\spacecowboydbeditortool\r_evo_arena_win32\engineitemdetaildlg.obj
t:\46vs2022\intermediate\spacecowboydbeditortool\r_evo_arena_win32\mytabctrl.obj
t:\46vs2022\intermediate\spacecowboydbeditortool\r_evo_arena_win32\statisticpage100dlg.obj
t:\46vs2022\intermediate\spacecowboydbeditortool\r_evo_arena_win32\statisticpage71dlg.obj
t:\46vs2022\intermediate\spacecowboydbeditortool\r_evo_arena_win32\atumdbhelper.obj
t:\46vs2022\intermediate\spacecowboydbeditortool\r_evo_arena_win32\titletip.obj
t:\46vs2022\intermediate\spacecowboydbeditortool\r_evo_arena_win32\logtabguilditem.obj
t:\46vs2022\intermediate\spacecowboydbeditortool\r_evo_arena_win32\monsterdetaildlg.obj
t:\46vs2022\intermediate\spacecowboydbeditortool\r_evo_arena_win32\spacecowboydbeditortool.obj
t:\46vs2022\intermediate\spacecowboydbeditortool\r_evo_arena_win32\statisticpage6dlg.obj
t:\46vs2022\intermediate\spacecowboydbeditortool\r_evo_arena_win32\vmem.obj
t:\46vs2022\intermediate\spacecowboydbeditortool\r_evo_arena_win32\griddroptarget.obj
t:\46vs2022\intermediate\spacecowboydbeditortool\r_evo_arena_win32\logtabitem.obj
t:\46vs2022\intermediate\spacecowboydbeditortool\r_evo_arena_win32\monsterdropdlg.obj
t:\46vs2022\intermediate\spacecowboydbeditortool\r_evo_arena_win32\statisticpage102dlg.obj
t:\46vs2022\intermediate\spacecowboydbeditortool\r_evo_arena_win32\statisticpage98dlg.obj
t:\46vs2022\intermediate\spacecowboydbeditortool\r_evo_arena_win32\atumdatetime.obj
t:\46vs2022\intermediate\spacecowboydbeditortool\r_evo_arena_win32\gridcell.obj
t:\46vs2022\intermediate\spacecowboydbeditortool\r_evo_arena_win32\uservariable.obj
t:\46vs2022\intermediate\spacecowboydbeditortool\r_evo_arena_win32\monsterdropdetaildlg.obj
t:\46vs2022\intermediate\spacecowboydbeditortool\r_evo_arena_win32\selectitemdlg.obj
t:\46vs2022\intermediate\spacecowboydbeditortool\r_evo_arena_win32\statisticpage5dlg.obj
t:\46vs2022\intermediate\spacecowboydbeditortool\r_evo_arena_win32\weaponitem.obj
t:\46vs2022\intermediate\spacecowboydbeditortool\r_evo_arena_win32\global.obj
t:\46vs2022\intermediate\spacecowboydbeditortool\r_evo_arena_win32\odbcstatement.obj
t:\46vs2022\intermediate\spacecowboydbeditortool\r_evo_arena_win32\mapeditordetaildlg.obj
t:\46vs2022\intermediate\spacecowboydbeditortool\r_evo_arena_win32\scgridhelper.obj
t:\46vs2022\intermediate\spacecowboydbeditortool\r_evo_arena_win32\statisticpage4dlg.obj
t:\46vs2022\intermediate\spacecowboydbeditortool\r_evo_arena_win32\statisticsheetdlg.obj
t:\46vs2022\intermediate\spacecowboydbeditortool\r_evo_arena_win32\socketheader.obj
t:\46vs2022\intermediate\spacecowboydbeditortool\r_evo_arena_win32\browseforfolder.obj
t:\46vs2022\intermediate\spacecowboydbeditortool\r_evo_arena_win32\waypointmanager.obj
t:\46vs2022\intermediate\spacecowboydbeditortool\r_evo_arena_win32\monsterattackdlg.obj
t:\46vs2022\intermediate\spacecowboydbeditortool\r_evo_arena_win32\setlanguagedlg.obj
t:\46vs2022\intermediate\spacecowboydbeditortool\r_evo_arena_win32\statisticpage62dlg.obj
t:\46vs2022\intermediate\spacecowboydbeditortool\r_evo_arena_win32\writelog.obj
t:\46vs2022\build\tools\spacecowboydbeditortool.exe
t:\46vs2022\intermediate\spacecowboydbeditortool\r_evo_arena_win32\spacecowboydbeditortool.ipdb
t:\46vs2022\intermediate\spacecowboydbeditortool\r_evo_arena_win32\spacecowboydbeditortool.iobj
t:\46vs2022\build\tools\spacecowboydbeditortool.pdb
t:\46vs2022\intermediate\spacecowboydbeditortool\r_evo_arena_win32\spacecowboydbeditortool.res
t:\46vs2022\server\gameserver\..\..\build\tools\spacecowboydbeditortool.pdb
t:\46vs2022\server\gameserver\..\..\intermediate\spacecowboydbeditortool\r_evo_arena_win32\spacecowboydbeditortool.vcxproj.filelistabsolute.txt
t:\46vs2022\intermediate\spacecowboydbeditortool\r_evo_arena_win32\spacecow.54b2dbaf.tlog\cl.command.1.tlog
t:\46vs2022\intermediate\spacecowboydbeditortool\r_evo_arena_win32\spacecow.54b2dbaf.tlog\cl.read.1.tlog
t:\46vs2022\intermediate\spacecowboydbeditortool\r_evo_arena_win32\spacecow.54b2dbaf.tlog\cl.write.1.tlog
t:\46vs2022\intermediate\spacecowboydbeditortool\r_evo_arena_win32\spacecow.54b2dbaf.tlog\link.command.1.tlog
t:\46vs2022\intermediate\spacecowboydbeditortool\r_evo_arena_win32\spacecow.54b2dbaf.tlog\link.read.1.tlog
t:\46vs2022\intermediate\spacecowboydbeditortool\r_evo_arena_win32\spacecow.54b2dbaf.tlog\link.write.1.tlog
t:\46vs2022\intermediate\spacecowboydbeditortool\r_evo_arena_win32\spacecow.54b2dbaf.tlog\metagen.read.1.tlog
t:\46vs2022\intermediate\spacecowboydbeditortool\r_evo_arena_win32\spacecow.54b2dbaf.tlog\metagen.write.1.tlog
t:\46vs2022\intermediate\spacecowboydbeditortool\r_evo_arena_win32\spacecow.54b2dbaf.tlog\rc.command.1.tlog
t:\46vs2022\intermediate\spacecowboydbeditortool\r_evo_arena_win32\spacecow.54b2dbaf.tlog\rc.read.1.tlog
t:\46vs2022\intermediate\spacecowboydbeditortool\r_evo_arena_win32\spacecow.54b2dbaf.tlog\rc.write.1.tlog
