t:\46vs2022\intermediate\imserver\r_wikigames_eng_win32\vc140.pch
t:\46vs2022\intermediate\imserver\r_wikigames_eng_win32\vc143.pdb
t:\46vs2022\intermediate\imserver\r_wikigames_eng_win32\stdafx.obj
t:\46vs2022\intermediate\imserver\r_wikigames_eng_win32\mtautocriticalsection.obj
t:\46vs2022\intermediate\imserver\r_wikigames_eng_win32\vmempool.obj
t:\46vs2022\intermediate\imserver\r_wikigames_eng_win32\servergroup.obj
t:\46vs2022\intermediate\imserver\r_wikigames_eng_win32\imiocpsocket.obj
t:\46vs2022\intermediate\imserver\r_wikigames_eng_win32\winsocket.obj
t:\46vs2022\intermediate\imserver\r_wikigames_eng_win32\chatblockmanager.obj
t:\46vs2022\intermediate\imserver\r_wikigames_eng_win32\chatroommanager.obj
t:\46vs2022\intermediate\imserver\r_wikigames_eng_win32\sha256.obj
t:\46vs2022\intermediate\imserver\r_wikigames_eng_win32\atumdatetime.obj
t:\46vs2022\intermediate\imserver\r_wikigames_eng_win32\config.obj
t:\46vs2022\intermediate\imserver\r_wikigames_eng_win32\imserver.obj
t:\46vs2022\intermediate\imserver\r_wikigames_eng_win32\overlapped.obj
t:\46vs2022\intermediate\imserver\r_wikigames_eng_win32\atumdbmanager.obj
t:\46vs2022\intermediate\imserver\r_wikigames_eng_win32\tickmanager.obj
t:\46vs2022\intermediate\imserver\r_wikigames_eng_win32\systemlogmanager.obj
t:\46vs2022\intermediate\imserver\r_wikigames_eng_win32\atumsj.obj
t:\46vs2022\intermediate\imserver\r_wikigames_eng_win32\waypointmanager.obj
t:\46vs2022\intermediate\imserver\r_wikigames_eng_win32\imtickmanager.obj
t:\46vs2022\intermediate\imserver\r_wikigames_eng_win32\threadcheck.obj
t:\46vs2022\intermediate\imserver\r_wikigames_eng_win32\atumparamprotocol.obj
t:\46vs2022\intermediate\imserver\r_wikigames_eng_win32\securitymanager.obj
t:\46vs2022\intermediate\imserver\r_wikigames_eng_win32\imparty.obj
t:\46vs2022\intermediate\imserver\r_wikigames_eng_win32\queueint.obj
t:\46vs2022\intermediate\imserver\r_wikigames_eng_win32\atumparamprotocolfunctions.obj
t:\46vs2022\intermediate\imserver\r_wikigames_eng_win32\localization.obj
t:\46vs2022\intermediate\imserver\r_wikigames_eng_win32\atumimdbmanager.obj
t:\46vs2022\intermediate\imserver\r_wikigames_eng_win32\md5_lib_src.obj
t:\46vs2022\intermediate\imserver\r_wikigames_eng_win32\xor_lib.obj
t:\46vs2022\intermediate\imserver\r_wikigames_eng_win32\globalgameserver.obj
t:\46vs2022\intermediate\imserver\r_wikigames_eng_win32\imglobal.obj
t:\46vs2022\intermediate\imserver\r_wikigames_eng_win32\socketheader.obj
t:\46vs2022\intermediate\imserver\r_wikigames_eng_win32\atumthread.obj
t:\46vs2022\intermediate\imserver\r_wikigames_eng_win32\guild.obj
t:\46vs2022\intermediate\imserver\r_wikigames_eng_win32\preimwinsocket.obj
t:\46vs2022\intermediate\imserver\r_wikigames_eng_win32\mtcriticalsection.obj
t:\46vs2022\intermediate\imserver\r_wikigames_eng_win32\winpacket.obj
t:\46vs2022\intermediate\imserver\r_wikigames_eng_win32\countdownchecker.obj
t:\46vs2022\intermediate\imserver\r_wikigames_eng_win32\chatroom.obj
t:\46vs2022\intermediate\imserver\r_wikigames_eng_win32\iocp.obj
t:\46vs2022\intermediate\imserver\r_wikigames_eng_win32\vmem.obj
t:\46vs2022\intermediate\imserver\r_wikigames_eng_win32\odbcstatement.obj
t:\46vs2022\intermediate\imserver\r_wikigames_eng_win32\imiocp.obj
t:\46vs2022\intermediate\imserver\r_wikigames_eng_win32\global.obj
t:\46vs2022\intermediate\imserver\r_wikigames_eng_win32\iocpsocket.obj
t:\46vs2022\intermediate\imserver\r_wikigames_eng_win32\atumdbhelper.obj
t:\46vs2022\intermediate\imserver\r_wikigames_eng_win32\anoticemanager.obj
t:\46vs2022\build\bins\imserver.exe
t:\46vs2022\intermediate\imserver\r_wikigames_eng_win32\imserver.ipdb
t:\46vs2022\intermediate\imserver\r_wikigames_eng_win32\imserver.iobj
t:\46vs2022\build\bins\imserver.map
t:\46vs2022\build\bins\imserver.pdb
t:\46vs2022\intermediate\imserver\r_wikigames_eng_win32\imserver.res
t:\46vs2022\server\gameserver\..\..\build\bins\imserver.pdb
t:\46vs2022\server\gameserver\..\..\intermediate\imserver\r_wikigames_eng_win32\imserver.vcxproj.filelistabsolute.txt
t:\46vs2022\intermediate\imserver\r_wikigames_eng_win32\imserver.tlog\cl.command.1.tlog
t:\46vs2022\intermediate\imserver\r_wikigames_eng_win32\imserver.tlog\cl.read.1.tlog
t:\46vs2022\intermediate\imserver\r_wikigames_eng_win32\imserver.tlog\cl.write.1.tlog
t:\46vs2022\intermediate\imserver\r_wikigames_eng_win32\imserver.tlog\link.command.1.tlog
t:\46vs2022\intermediate\imserver\r_wikigames_eng_win32\imserver.tlog\link.read.1.tlog
t:\46vs2022\intermediate\imserver\r_wikigames_eng_win32\imserver.tlog\link.write.1.tlog
t:\46vs2022\intermediate\imserver\r_wikigames_eng_win32\imserver.tlog\metagen.read.1.tlog
t:\46vs2022\intermediate\imserver\r_wikigames_eng_win32\imserver.tlog\metagen.write.1.tlog
t:\46vs2022\intermediate\imserver\r_wikigames_eng_win32\imserver.tlog\rc.command.1.tlog
t:\46vs2022\intermediate\imserver\r_wikigames_eng_win32\imserver.tlog\rc.read.1.tlog
t:\46vs2022\intermediate\imserver\r_wikigames_eng_win32\imserver.tlog\rc.write.1.tlog
