t:\46vs2022\intermediate\atumlauncher\r_evo_arena_win32\atumlauncher.bsc
t:\46vs2022\intermediate\atumlauncher\r_evo_arena_win32\vc140.pch
t:\46vs2022\intermediate\atumlauncher\r_evo_arena_win32\vc143.pdb
t:\46vs2022\intermediate\atumlauncher\r_evo_arena_win32\stdafx.sbr
t:\46vs2022\intermediate\atumlauncher\r_evo_arena_win32\stdafx.obj
t:\46vs2022\intermediate\atumlauncher\r_evo_arena_win32\md5_lib_src.sbr
t:\46vs2022\intermediate\atumlauncher\r_evo_arena_win32\socketheader.sbr
t:\46vs2022\intermediate\atumlauncher\r_evo_arena_win32\systemlogmanager.sbr
t:\46vs2022\intermediate\atumlauncher\r_evo_arena_win32\winpacket.sbr
t:\46vs2022\intermediate\atumlauncher\r_evo_arena_win32\winsocket.sbr
t:\46vs2022\intermediate\atumlauncher\r_evo_arena_win32\xor_lib.sbr
t:\46vs2022\intermediate\atumlauncher\r_evo_arena_win32\atumdatetime.sbr
t:\46vs2022\intermediate\atumlauncher\r_evo_arena_win32\atumparamprotocol.sbr
t:\46vs2022\intermediate\atumlauncher\r_evo_arena_win32\atumparamprotocolfunctions.sbr
t:\46vs2022\intermediate\atumlauncher\r_evo_arena_win32\browseforfolder.sbr
t:\46vs2022\intermediate\atumlauncher\r_evo_arena_win32\commandhistory.sbr
t:\46vs2022\intermediate\atumlauncher\r_evo_arena_win32\ftpmanager.sbr
t:\46vs2022\intermediate\atumlauncher\r_evo_arena_win32\kbcbmp.sbr
t:\46vs2022\intermediate\atumlauncher\r_evo_arena_win32\kbcbutton.sbr
t:\46vs2022\intermediate\atumlauncher\r_evo_arena_win32\progressctrlx.sbr
t:\46vs2022\intermediate\atumlauncher\r_evo_arena_win32\historycombobox.sbr
t:\46vs2022\intermediate\atumlauncher\r_evo_arena_win32\httpmanager.sbr
t:\46vs2022\intermediate\atumlauncher\r_evo_arena_win32\iexplore.sbr
t:\46vs2022\intermediate\atumlauncher\r_evo_arena_win32\listboxebx.sbr
t:\46vs2022\intermediate\atumlauncher\r_evo_arena_win32\mgamedecryption.sbr
t:\46vs2022\intermediate\atumlauncher\r_evo_arena_win32\mgamedecryption.obj
t:\46vs2022\intermediate\atumlauncher\r_evo_arena_win32\listboxebx.obj
t:\46vs2022\intermediate\atumlauncher\r_evo_arena_win32\iexplore.obj
t:\46vs2022\intermediate\atumlauncher\r_evo_arena_win32\httpmanager.obj
t:\46vs2022\intermediate\atumlauncher\r_evo_arena_win32\historycombobox.obj
t:\46vs2022\intermediate\atumlauncher\r_evo_arena_win32\progressctrlx.obj
t:\46vs2022\intermediate\atumlauncher\r_evo_arena_win32\kbcbutton.obj
t:\46vs2022\intermediate\atumlauncher\r_evo_arena_win32\kbcbmp.obj
t:\46vs2022\intermediate\atumlauncher\r_evo_arena_win32\ftpmanager.obj
t:\46vs2022\intermediate\atumlauncher\r_evo_arena_win32\commandhistory.obj
t:\46vs2022\intermediate\atumlauncher\r_evo_arena_win32\browseforfolder.obj
t:\46vs2022\intermediate\atumlauncher\r_evo_arena_win32\atumparamprotocolfunctions.obj
t:\46vs2022\intermediate\atumlauncher\r_evo_arena_win32\atumparamprotocol.obj
t:\46vs2022\intermediate\atumlauncher\r_evo_arena_win32\atumdatetime.obj
t:\46vs2022\intermediate\atumlauncher\r_evo_arena_win32\xor_lib.obj
t:\46vs2022\intermediate\atumlauncher\r_evo_arena_win32\winsocket.obj
t:\46vs2022\intermediate\atumlauncher\r_evo_arena_win32\winpacket.obj
t:\46vs2022\intermediate\atumlauncher\r_evo_arena_win32\systemlogmanager.obj
t:\46vs2022\intermediate\atumlauncher\r_evo_arena_win32\socketheader.obj
t:\46vs2022\intermediate\atumlauncher\r_evo_arena_win32\md5_lib_src.obj
t:\46vs2022\intermediate\atumlauncher\r_evo_arena_win32\registrycontrol.sbr
t:\46vs2022\intermediate\atumlauncher\r_evo_arena_win32\md5.sbr
t:\46vs2022\intermediate\atumlauncher\r_evo_arena_win32\metafile.sbr
t:\46vs2022\intermediate\atumlauncher\r_evo_arena_win32\shieldsecurity.sbr
t:\46vs2022\intermediate\atumlauncher\r_evo_arena_win32\shieldsecuritydll.sbr
t:\46vs2022\intermediate\atumlauncher\r_evo_arena_win32\utility.sbr
t:\46vs2022\intermediate\atumlauncher\r_evo_arena_win32\atumlauncher.sbr
t:\46vs2022\intermediate\atumlauncher\r_evo_arena_win32\atumlauncherdlg.sbr
t:\46vs2022\intermediate\atumlauncher\r_evo_arena_win32\dlgguardagreement.sbr
t:\46vs2022\intermediate\atumlauncher\r_evo_arena_win32\loginsuccessdlg.sbr
t:\46vs2022\intermediate\atumlauncher\r_evo_arena_win32\comboboxebx.sbr
t:\46vs2022\intermediate\atumlauncher\r_evo_arena_win32\mycheck.sbr
t:\46vs2022\intermediate\atumlauncher\r_evo_arena_win32\mycombobox.sbr
t:\46vs2022\intermediate\atumlauncher\r_evo_arena_win32\myedit.sbr
t:\46vs2022\intermediate\atumlauncher\r_evo_arena_win32\updatewinsocket.sbr
t:\46vs2022\intermediate\atumlauncher\r_evo_arena_win32\preserveripdlg.sbr
t:\46vs2022\intermediate\atumlauncher\r_evo_arena_win32\vtcguardmanager.sbr
t:\46vs2022\intermediate\atumlauncher\r_evo_arena_win32\vtcguardmanager.obj
t:\46vs2022\intermediate\atumlauncher\r_evo_arena_win32\preserveripdlg.obj
t:\46vs2022\intermediate\atumlauncher\r_evo_arena_win32\updatewinsocket.obj
t:\46vs2022\intermediate\atumlauncher\r_evo_arena_win32\myedit.obj
t:\46vs2022\intermediate\atumlauncher\r_evo_arena_win32\mycombobox.obj
t:\46vs2022\intermediate\atumlauncher\r_evo_arena_win32\mycheck.obj
t:\46vs2022\intermediate\atumlauncher\r_evo_arena_win32\comboboxebx.obj
t:\46vs2022\intermediate\atumlauncher\r_evo_arena_win32\loginsuccessdlg.obj
t:\46vs2022\intermediate\atumlauncher\r_evo_arena_win32\dlgguardagreement.obj
t:\46vs2022\intermediate\atumlauncher\r_evo_arena_win32\atumlauncherdlg.obj
t:\46vs2022\intermediate\atumlauncher\r_evo_arena_win32\atumlauncher.obj
t:\46vs2022\intermediate\atumlauncher\r_evo_arena_win32\utility.obj
t:\46vs2022\intermediate\atumlauncher\r_evo_arena_win32\shieldsecuritydll.obj
t:\46vs2022\intermediate\atumlauncher\r_evo_arena_win32\shieldsecurity.obj
t:\46vs2022\intermediate\atumlauncher\r_evo_arena_win32\metafile.obj
t:\46vs2022\intermediate\atumlauncher\r_evo_arena_win32\md5.obj
t:\46vs2022\intermediate\atumlauncher\r_evo_arena_win32\registrycontrol.obj
t:\46vs2022\intermediate\atumlauncher\r_evo_arena_win32\screenkeyboarddlg.sbr
t:\46vs2022\intermediate\atumlauncher\r_evo_arena_win32\screenkeyboarddlg.obj
t:\46vs2022\build\client\updater.exe
t:\46vs2022\intermediate\atumlauncher\r_evo_arena_win32\updater.ipdb
t:\46vs2022\intermediate\atumlauncher\r_evo_arena_win32\updater.iobj
t:\46vs2022\build\client\updater.map
t:\46vs2022\build\client\updater.pdb
t:\46vs2022\intermediate\atumlauncher\r_evo_arena_win32\atumlauncher.res
t:\46vs2022\server\gameserver\..\..\build\client\updater.pdb
t:\46vs2022\server\gameserver\..\..\intermediate\atumlauncher\r_evo_arena_win32\atumlauncher.vcxproj.filelistabsolute.txt
t:\46vs2022\intermediate\atumlauncher\r_evo_arena_win32\atumlauncher.tlog\bscmake.command.1.tlog
t:\46vs2022\intermediate\atumlauncher\r_evo_arena_win32\atumlauncher.tlog\bscmake.read.1.tlog
t:\46vs2022\intermediate\atumlauncher\r_evo_arena_win32\atumlauncher.tlog\bscmake.write.1.tlog
t:\46vs2022\intermediate\atumlauncher\r_evo_arena_win32\atumlauncher.tlog\cl.command.1.tlog
t:\46vs2022\intermediate\atumlauncher\r_evo_arena_win32\atumlauncher.tlog\cl.read.1.tlog
t:\46vs2022\intermediate\atumlauncher\r_evo_arena_win32\atumlauncher.tlog\cl.write.1.tlog
t:\46vs2022\intermediate\atumlauncher\r_evo_arena_win32\atumlauncher.tlog\link.command.1.tlog
t:\46vs2022\intermediate\atumlauncher\r_evo_arena_win32\atumlauncher.tlog\link.read.1.tlog
t:\46vs2022\intermediate\atumlauncher\r_evo_arena_win32\atumlauncher.tlog\link.write.1.tlog
t:\46vs2022\intermediate\atumlauncher\r_evo_arena_win32\atumlauncher.tlog\metagen.read.1.tlog
t:\46vs2022\intermediate\atumlauncher\r_evo_arena_win32\atumlauncher.tlog\metagen.write.1.tlog
t:\46vs2022\intermediate\atumlauncher\r_evo_arena_win32\atumlauncher.tlog\rc.command.1.tlog
t:\46vs2022\intermediate\atumlauncher\r_evo_arena_win32\atumlauncher.tlog\rc.read.1.tlog
t:\46vs2022\intermediate\atumlauncher\r_evo_arena_win32\atumlauncher.tlog\rc.write.1.tlog
