t:\46vs2022\intermediate\logserver\r_wikigames_eng_win32\iocp.obj
t:\46vs2022\intermediate\logserver\r_wikigames_eng_win32\xor_lib.obj
t:\46vs2022\intermediate\logserver\r_wikigames_eng_win32\localization.obj
t:\46vs2022\intermediate\logserver\r_wikigames_eng_win32\queueint.obj
t:\46vs2022\intermediate\logserver\r_wikigames_eng_win32\winpacket.obj
t:\46vs2022\intermediate\logserver\r_wikigames_eng_win32\logiocp.obj
t:\46vs2022\intermediate\logserver\r_wikigames_eng_win32\mtautocriticalsection.obj
t:\46vs2022\intermediate\logserver\r_wikigames_eng_win32\atumparamprotocol.obj
t:\46vs2022\intermediate\logserver\r_wikigames_eng_win32\glogdbmanager.obj
t:\46vs2022\intermediate\logserver\r_wikigames_eng_win32\overlapped.obj
t:\46vs2022\intermediate\logserver\r_wikigames_eng_win32\atumdblogwriter.obj
t:\46vs2022\intermediate\logserver\r_wikigames_eng_win32\glogexecmanager.obj
t:\46vs2022\intermediate\logserver\r_wikigames_eng_win32\iocpsocket.obj
t:\46vs2022\intermediate\logserver\r_wikigames_eng_win32\atumparamprotocolfunctions.obj
t:\46vs2022\intermediate\logserver\r_wikigames_eng_win32\logserver.obj
t:\46vs2022\intermediate\logserver\r_wikigames_eng_win32\sha256.obj
t:\46vs2022\intermediate\logserver\r_wikigames_eng_win32\atumdbmanager.obj
t:\46vs2022\intermediate\logserver\r_wikigames_eng_win32\logiocpsocket.obj
t:\46vs2022\intermediate\logserver\r_wikigames_eng_win32\global.obj
t:\46vs2022\intermediate\logserver\r_wikigames_eng_win32\atumdbhelper.obj
t:\46vs2022\intermediate\logserver\r_wikigames_eng_win32\stdafx.obj
t:\46vs2022\intermediate\logserver\r_wikigames_eng_win32\mtcriticalsection.obj
t:\46vs2022\intermediate\logserver\r_wikigames_eng_win32\config.obj
t:\46vs2022\intermediate\logserver\r_wikigames_eng_win32\logglobal.obj
t:\46vs2022\intermediate\logserver\r_wikigames_eng_win32\systemlogmanager.obj
t:\46vs2022\intermediate\logserver\r_wikigames_eng_win32\vmempool.obj
t:\46vs2022\intermediate\logserver\r_wikigames_eng_win32\waypointmanager.obj
t:\46vs2022\intermediate\logserver\r_wikigames_eng_win32\threadcheck.obj
t:\46vs2022\intermediate\logserver\r_wikigames_eng_win32\atumthread.obj
t:\46vs2022\intermediate\logserver\r_wikigames_eng_win32\odbcstatement.obj
t:\46vs2022\intermediate\logserver\r_wikigames_eng_win32\socketheader.obj
t:\46vs2022\intermediate\logserver\r_wikigames_eng_win32\atumdatetime.obj
t:\46vs2022\intermediate\logserver\r_wikigames_eng_win32\atumlogdbmanager.obj
t:\46vs2022\intermediate\logserver\r_wikigames_eng_win32\md5_lib_src.obj
t:\46vs2022\intermediate\logserver\r_wikigames_eng_win32\vmem.obj
t:\46vs2022\intermediate\logserver\r_wikigames_eng_win32\globalgameserver.obj
t:\46vs2022\intermediate\logserver\r_wikigames_eng_win32\vc143.pdb
t:\46vs2022\build\bins\logserver.exe
t:\46vs2022\intermediate\logserver\r_wikigames_eng_win32\logserver.ipdb
t:\46vs2022\intermediate\logserver\r_wikigames_eng_win32\logserver.iobj
t:\46vs2022\build\bins\logserver.map
t:\46vs2022\build\bins\logserver.pdb
t:\46vs2022\intermediate\logserver\r_wikigames_eng_win32\logserver.res
t:\46vs2022\server\gameserver\..\..\build\bins\logserver.pdb
t:\46vs2022\server\gameserver\..\..\intermediate\logserver\r_wikigames_eng_win32\logserver.vcxproj.filelistabsolute.txt
t:\46vs2022\intermediate\logserver\r_wikigames_eng_win32\logserver.tlog\cl.12848.write.1.tlog
t:\46vs2022\intermediate\logserver\r_wikigames_eng_win32\logserver.tlog\cl.command.1.tlog
t:\46vs2022\intermediate\logserver\r_wikigames_eng_win32\logserver.tlog\cl.read.1.tlog
t:\46vs2022\intermediate\logserver\r_wikigames_eng_win32\logserver.tlog\link.command.1.tlog
t:\46vs2022\intermediate\logserver\r_wikigames_eng_win32\logserver.tlog\link.read.1.tlog
t:\46vs2022\intermediate\logserver\r_wikigames_eng_win32\logserver.tlog\link.write.1.tlog
t:\46vs2022\intermediate\logserver\r_wikigames_eng_win32\logserver.tlog\metagen.read.1.tlog
t:\46vs2022\intermediate\logserver\r_wikigames_eng_win32\logserver.tlog\metagen.write.1.tlog
t:\46vs2022\intermediate\logserver\r_wikigames_eng_win32\logserver.tlog\rc.command.1.tlog
t:\46vs2022\intermediate\logserver\r_wikigames_eng_win32\logserver.tlog\rc.read.1.tlog
t:\46vs2022\intermediate\logserver\r_wikigames_eng_win32\logserver.tlog\rc.write.1.tlog
