t:\46vs2022\intermediate\atum\r_evo_arena_win32\atum.bsc
t:\46vs2022\intermediate\atum\r_evo_arena_win32\vc140.pch
t:\46vs2022\intermediate\atum\r_evo_arena_win32\vc143.pdb
t:\46vs2022\intermediate\atum\r_evo_arena_win32\stdafx.sbr
t:\46vs2022\intermediate\atum\r_evo_arena_win32\stdafx.obj
t:\46vs2022\intermediate\atum\r_evo_arena_win32\winsocket.sbr
t:\46vs2022\intermediate\atum\r_evo_arena_win32\winsocket.obj
t:\46vs2022\intermediate\atum\r_evo_arena_win32\atumparamprotocol.sbr
t:\46vs2022\intermediate\atum\r_evo_arena_win32\atumparamprotocol.obj
t:\46vs2022\intermediate\atum\r_evo_arena_win32\atumdlg.sbr
t:\46vs2022\intermediate\atum\r_evo_arena_win32\atumdlg.obj
t:\46vs2022\intermediate\atum\r_evo_arena_win32\listboxebx.sbr
t:\46vs2022\intermediate\atum\r_evo_arena_win32\listboxebx.obj
t:\46vs2022\intermediate\atum\r_evo_arena_win32\socketheader.sbr
t:\46vs2022\intermediate\atum\r_evo_arena_win32\socketheader.obj
t:\46vs2022\intermediate\atum\r_evo_arena_win32\atum.sbr
t:\46vs2022\intermediate\atum\r_evo_arena_win32\atum.obj
t:\46vs2022\intermediate\atum\r_evo_arena_win32\kbcbutton.sbr
t:\46vs2022\intermediate\atum\r_evo_arena_win32\kbcbutton.obj
t:\46vs2022\intermediate\atum\r_evo_arena_win32\iexplore.sbr
t:\46vs2022\intermediate\atum\r_evo_arena_win32\iexplore.obj
t:\46vs2022\intermediate\atum\r_evo_arena_win32\winpacket.sbr
t:\46vs2022\intermediate\atum\r_evo_arena_win32\winpacket.obj
t:\46vs2022\intermediate\atum\r_evo_arena_win32\mgamedecryption.sbr
t:\46vs2022\intermediate\atum\r_evo_arena_win32\mgamedecryption.obj
t:\46vs2022\intermediate\atum\r_evo_arena_win32\ftpmanager.sbr
t:\46vs2022\intermediate\atum\r_evo_arena_win32\ftpmanager.obj
t:\46vs2022\intermediate\atum\r_evo_arena_win32\preupdatewinsocket.sbr
t:\46vs2022\intermediate\atum\r_evo_arena_win32\preupdatewinsocket.obj
t:\46vs2022\intermediate\atum\r_evo_arena_win32\kbcbmp.sbr
t:\46vs2022\intermediate\atum\r_evo_arena_win32\kbcbmp.obj
t:\46vs2022\intermediate\atum\r_evo_arena_win32\httpmanager.sbr
t:\46vs2022\intermediate\atum\r_evo_arena_win32\httpmanager.obj
t:\46vs2022\intermediate\atum\r_evo_arena_win32\xor_lib.sbr
t:\46vs2022\intermediate\atum\r_evo_arena_win32\xor_lib.obj
t:\46vs2022\intermediate\atum\r_evo_arena_win32\registrycontrol.sbr
t:\46vs2022\intermediate\atum\r_evo_arena_win32\registrycontrol.obj
t:\46vs2022\intermediate\atum\r_evo_arena_win32\atumparamprotocolfunctions.sbr
t:\46vs2022\intermediate\atum\r_evo_arena_win32\atumparamprotocolfunctions.obj
t:\46vs2022\intermediate\atum\r_evo_arena_win32\selectgameserverdlg.sbr
t:\46vs2022\intermediate\atum\r_evo_arena_win32\selectgameserverdlg.obj
t:\46vs2022\build\client\newre.exe
t:\46vs2022\intermediate\atum\r_evo_arena_win32\newre.ipdb
t:\46vs2022\intermediate\atum\r_evo_arena_win32\newre.iobj
t:\46vs2022\build\client\newre.pdb
t:\46vs2022\intermediate\atum\r_evo_arena_win32\atum.res
t:\46vs2022\server\gameserver\..\..\build\client\newre.pdb
t:\46vs2022\server\gameserver\..\..\intermediate\atum\r_evo_arena_win32\atum.vcxproj.filelistabsolute.txt
t:\46vs2022\intermediate\atum\r_evo_arena_win32\atum.tlog\bscmake.command.1.tlog
t:\46vs2022\intermediate\atum\r_evo_arena_win32\atum.tlog\bscmake.read.1.tlog
t:\46vs2022\intermediate\atum\r_evo_arena_win32\atum.tlog\bscmake.write.1.tlog
t:\46vs2022\intermediate\atum\r_evo_arena_win32\atum.tlog\cl.command.1.tlog
t:\46vs2022\intermediate\atum\r_evo_arena_win32\atum.tlog\cl.read.1.tlog
t:\46vs2022\intermediate\atum\r_evo_arena_win32\atum.tlog\cl.write.1.tlog
t:\46vs2022\intermediate\atum\r_evo_arena_win32\atum.tlog\link.command.1.tlog
t:\46vs2022\intermediate\atum\r_evo_arena_win32\atum.tlog\link.read.1.tlog
t:\46vs2022\intermediate\atum\r_evo_arena_win32\atum.tlog\link.write.1.tlog
t:\46vs2022\intermediate\atum\r_evo_arena_win32\atum.tlog\metagen.read.1.tlog
t:\46vs2022\intermediate\atum\r_evo_arena_win32\atum.tlog\metagen.write.1.tlog
t:\46vs2022\intermediate\atum\r_evo_arena_win32\atum.tlog\rc.command.1.tlog
t:\46vs2022\intermediate\atum\r_evo_arena_win32\atum.tlog\rc.read.1.tlog
t:\46vs2022\intermediate\atum\r_evo_arena_win32\atum.tlog\rc.write.1.tlog
