t:\46vs2022\intermediate\etclib\r_wikigames_eng_win32\uservariable.obj
t:\46vs2022\intermediate\etclib\r_wikigames_eng_win32\tutorialsystem.obj
t:\46vs2022\intermediate\etclib\r_wikigames_eng_win32\functionlog.obj
t:\46vs2022\intermediate\etclib\r_wikigames_eng_win32\mgamedecryption.obj
t:\46vs2022\intermediate\etclib\r_wikigames_eng_win32\frustum.obj
t:\46vs2022\intermediate\etclib\r_wikigames_eng_win32\atumdatetime.obj
t:\46vs2022\intermediate\etclib\r_wikigames_eng_win32\sha256.obj
t:\46vs2022\intermediate\etclib\r_wikigames_eng_win32\imagemanager.obj
t:\46vs2022\intermediate\etclib\r_wikigames_eng_win32\explorehost.obj
t:\46vs2022\intermediate\etclib\r_wikigames_eng_win32\pknormaltimer.obj
t:\46vs2022\intermediate\etclib\r_wikigames_eng_win32\atumparamprotocol.obj
t:\46vs2022\intermediate\etclib\r_wikigames_eng_win32\codetrans.obj
t:\46vs2022\intermediate\etclib\r_wikigames_eng_win32\iteminfo.obj
t:\46vs2022\intermediate\etclib\r_wikigames_eng_win32\abusefilter.obj
t:\46vs2022\intermediate\etclib\r_wikigames_eng_win32\inputmanager.obj
t:\46vs2022\intermediate\etclib\r_wikigames_eng_win32\atumparamprotocolfunctions.obj
t:\46vs2022\intermediate\etclib\r_wikigames_eng_win32\fileheader.obj
t:\46vs2022\intermediate\etclib\r_wikigames_eng_win32\profiler.obj
t:\46vs2022\intermediate\etclib\r_wikigames_eng_win32\atumglobal.obj
t:\46vs2022\intermediate\etclib\r_wikigames_eng_win32\clientparty.obj
t:\46vs2022\intermediate\etclib\r_wikigames_eng_win32\skillinfo.obj
t:\46vs2022\intermediate\etclib\r_wikigames_eng_win32\atumsj.obj
t:\46vs2022\intermediate\etclib\r_wikigames_eng_win32\iexplore.obj
t:\46vs2022\intermediate\etclib\r_wikigames_eng_win32\skill.obj
t:\46vs2022\intermediate\etclib\r_wikigames_eng_win32\atumdata.obj
t:\46vs2022\intermediate\etclib\r_wikigames_eng_win32\functionloggfunctions.obj
t:\46vs2022\intermediate\etclib\r_wikigames_eng_win32\cinema.obj
t:\46vs2022\intermediate\etclib\r_wikigames_eng_win32\atumnode.obj
t:\46vs2022\intermediate\etclib\r_wikigames_eng_win32\atumthread.obj
t:\46vs2022\intermediate\etclib\r_wikigames_eng_win32\ticktimeprocess.obj
t:\46vs2022\intermediate\etclib\r_wikigames_eng_win32\quest.obj
t:\46vs2022\intermediate\etclib\r_wikigames_eng_win32\gamedatalast.obj
t:\46vs2022\intermediate\etclib\r_wikigames_eng_win32\weaponiteminfo.obj
t:\46vs2022\intermediate\etclib\r_wikigames_eng_win32\etclib.pdb
t:\46vs2022\build\lib\etclib.lib
t:\46vs2022\client\..\build\lib\etclib.pdb
t:\46vs2022\client\..\intermediate\etclib\r_wikigames_eng_win32\etclib.vcxproj.filelistabsolute.txt
t:\46vs2022\intermediate\etclib\r_wikigames_eng_win32\etclib.tlog\cl.11332.write.1.tlog
t:\46vs2022\intermediate\etclib\r_wikigames_eng_win32\etclib.tlog\cl.command.1.tlog
t:\46vs2022\intermediate\etclib\r_wikigames_eng_win32\etclib.tlog\cl.read.1.tlog
t:\46vs2022\intermediate\etclib\r_wikigames_eng_win32\etclib.tlog\lib-link.read.1.tlog
t:\46vs2022\intermediate\etclib\r_wikigames_eng_win32\etclib.tlog\lib-link.write.1.tlog
t:\46vs2022\intermediate\etclib\r_wikigames_eng_win32\etclib.tlog\lib.command.1.tlog
t:\46vs2022\intermediate\etclib\r_wikigames_eng_win32\etclib.tlog\metagen.read.1.tlog
t:\46vs2022\intermediate\etclib\r_wikigames_eng_win32\etclib.tlog\metagen.write.1.tlog
